{
  "stats": {
    "suites": 1,
    "tests": 1,
    "passes": 1,
    "pending": 0,
    "failures": 0,
    "start": "2024-10-31T19:02:03.676Z",
    "end": "2024-10-31T19:02:03.993Z",
    "duration": 317,
    "testsRegistered": 1,
    "passPercent": 100,
    "pendingPercent": 0,
    "other": 0,
    "hasOther": false,
    "skipped": 0,
    "hasSkipped": false
  },
  "results": [
    {
      "uuid": "d66cd04e-ba4c-4c96-9e4f-e9e28753e45c",
      "title": "",
      "fullFile": "cypress/e2e/API/Education/Get Education Page.cy.js",
      "file": "cypress/e2e/API/Education/Get Education Page.cy.js",
      "beforeHooks": [],
      "afterHooks": [],
      "tests": [],
      "suites": [
        {
          "uuid": "192538af-5570-4d9a-9182-7b83abb3d0af",
          "title": "Get Education",
          "fullFile": "",
          "file": "",
          "beforeHooks": [],
          "afterHooks": [],
          "tests": [
            {
              "title": "method get response code should be  200",
              "fullTitle": "Get Education method get response code should be  200",
              "timedOut": null,
              "duration": 261,
              "state": "passed",
              "speed": "fast",
              "pass": true,
              "fail": false,
              "pending": false,
              "context": null,
              "code": "cy.request('https://1000and1songs.com/api/v1/education').then(response => {\n  expect(response).to.have.property('status', 200);\n  expect(response.body).to.not.be.null;\n  // expect(response.body).to.have.property('reporting');\n  const expectedKeys = [\"title\", \"description\", \"recommendations\", \"recommended_sources\", \"calendar_and_ritual_categories\"];\n  // Перевірка наявності кожного ключа\n  expectedKeys.forEach(key => {\n    expect(response.body).to.have.property(key);\n  });\n});",
              "err": {},
              "uuid": "8ba37586-5b80-4532-8b3c-ed714203bf77",
              "parentUUID": "192538af-5570-4d9a-9182-7b83abb3d0af",
              "isHook": false,
              "skipped": false
            }
          ],
          "suites": [],
          "passes": [
            "8ba37586-5b80-4532-8b3c-ed714203bf77"
          ],
          "failures": [],
          "pending": [],
          "skipped": [],
          "duration": 261,
          "root": false,
          "rootEmpty": false,
          "_timeout": 2000
        }
      ],
      "passes": [],
      "failures": [],
      "pending": [],
      "skipped": [],
      "duration": 0,
      "root": true,
      "rootEmpty": true,
      "_timeout": 2000
    }
  ],
  "meta": {
    "mocha": {
      "version": "7.0.1"
    },
    "mochawesome": {
      "options": {
        "quiet": false,
        "reportFilename": "mochawesome",
        "saveHtml": false,
        "saveJson": true,
        "consoleReporter": "spec",
        "useInlineDiffs": false,
        "code": true
      },
      "version": "7.1.3"
    },
    "marge": {
      "options": {
        "charts": true,
        "reportPageTitle": "custom-title",
        "embeddedScreenshots": true,
        "inlineAssets": true,
        "saveAllAttempts": false,
        "overwrite": false,
        "html": false,
        "json": true,
        "reportDir": "cypress/reports/html/.jsons"
      },
      "version": "6.2.0"
    }
  }
}