{
  "stats": {
    "suites": 1,
    "tests": 1,
    "passes": 1,
    "pending": 0,
    "failures": 0,
    "start": "2024-08-05T10:27:16.055Z",
    "end": "2024-08-05T10:27:16.280Z",
    "duration": 225,
    "testsRegistered": 1,
    "passPercent": 100,
    "pendingPercent": 0,
    "other": 0,
    "hasOther": false,
    "skipped": 0,
    "hasSkipped": false
  },
  "results": [
    {
      "uuid": "567490d3-db6e-427b-ab10-fe42660a8957",
      "title": "",
      "fullFile": "cypress/e2e/API/Get_Team.cy.js",
      "file": "cypress/e2e/API/Get_Team.cy.js",
      "beforeHooks": [],
      "afterHooks": [],
      "tests": [],
      "suites": [
        {
          "uuid": "95a1a5bc-f619-4234-a37b-841ce5c72023",
          "title": "Get Team",
          "fullFile": "",
          "file": "",
          "beforeHooks": [],
          "afterHooks": [],
          "tests": [
            {
              "title": "should validate the response body",
              "fullTitle": "Get Team should validate the response body",
              "timedOut": null,
              "duration": 187,
              "state": "passed",
              "speed": "fast",
              "pass": true,
              "fail": false,
              "pending": false,
              "context": null,
              "code": "cy.request({\n  method: 'GET',\n  url: 'https://1000and1songs.com/api/v1/team'\n}).then(response => {\n  expect(response.status).to.eq(200);\n  expect(response.body).to.be.an('array').that.is.not.empty;\n  // Checking each object in an array\n  response.body.forEach(item => {\n    expect(item).to.have.property('id').that.is.a('number');\n    expect(item).to.have.property('full_name').that.is.a('string');\n    expect(item).to.have.property('photo').that.is.a('string').and.matches(/^https:\\/\\/.*$/);\n    expect(item).to.have.property('description').that.is.a('string');\n  });\n});",
              "err": {},
              "uuid": "faa96fc6-4b4d-487c-962b-da077e71d4ac",
              "parentUUID": "95a1a5bc-f619-4234-a37b-841ce5c72023",
              "isHook": false,
              "skipped": false
            }
          ],
          "suites": [],
          "passes": [
            "faa96fc6-4b4d-487c-962b-da077e71d4ac"
          ],
          "failures": [],
          "pending": [],
          "skipped": [],
          "duration": 187,
          "root": false,
          "rootEmpty": false,
          "_timeout": 2000
        }
      ],
      "passes": [],
      "failures": [],
      "pending": [],
      "skipped": [],
      "duration": 0,
      "root": true,
      "rootEmpty": true,
      "_timeout": 2000
    }
  ],
  "meta": {
    "mocha": {
      "version": "7.0.1"
    },
    "mochawesome": {
      "options": {
        "quiet": false,
        "reportFilename": "mochawesome",
        "saveHtml": false,
        "saveJson": true,
        "consoleReporter": "spec",
        "useInlineDiffs": false,
        "code": true
      },
      "version": "7.1.3"
    },
    "marge": {
      "options": {
        "charts": true,
        "reportPageTitle": "custom-title",
        "embeddedScreenshots": true,
        "inlineAssets": true,
        "saveAllAttempts": false,
        "overwrite": false,
        "html": false,
        "json": true,
        "reportDir": "cypress/reports/html/.jsons"
      },
      "version": "6.2.0"
    }
  }
}