{
  "stats": {
    "suites": 1,
    "tests": 1,
    "passes": 1,
    "pending": 0,
    "failures": 0,
    "start": "2024-08-05T10:32:07.934Z",
    "end": "2024-08-05T10:32:12.495Z",
    "duration": 4561,
    "testsRegistered": 1,
    "passPercent": 100,
    "pendingPercent": 0,
    "other": 0,
    "hasOther": false,
    "skipped": 0,
    "hasSkipped": false
  },
  "results": [
    {
      "uuid": "09b77c6d-7861-4edc-a22d-4dfecb64dd88",
      "title": "",
      "fullFile": "cypress/e2e/RegressionVisual/Pages/ExpeditionsPage.cy.js",
      "file": "cypress/e2e/RegressionVisual/Pages/ExpeditionsPage.cy.js",
      "beforeHooks": [],
      "afterHooks": [],
      "tests": [],
      "suites": [
        {
          "uuid": "267d2d6f-0674-4692-820d-9e1b3f6a4cb4",
          "title": "MainVisual",
          "fullFile": "",
          "file": "",
          "beforeHooks": [],
          "afterHooks": [],
          "tests": [
            {
              "title": "should be publicly accessible",
              "fullTitle": "MainVisual should be publicly accessible",
              "timedOut": null,
              "duration": 4515,
              "state": "passed",
              "speed": "fast",
              "pass": true,
              "fail": false,
              "pending": false,
              "context": null,
              "code": "cy.visit('/expeditions');\ncy.wait(500);\ncy.matchImageSnapshot({\n  failureThreshold: 0.05,\n  failureThresholdType: 'percent'\n});",
              "err": {},
              "uuid": "5becce48-8aed-428f-a70f-57e2788c6852",
              "parentUUID": "267d2d6f-0674-4692-820d-9e1b3f6a4cb4",
              "isHook": false,
              "skipped": false
            }
          ],
          "suites": [],
          "passes": [
            "5becce48-8aed-428f-a70f-57e2788c6852"
          ],
          "failures": [],
          "pending": [],
          "skipped": [],
          "duration": 4515,
          "root": false,
          "rootEmpty": false,
          "_timeout": 2000
        }
      ],
      "passes": [],
      "failures": [],
      "pending": [],
      "skipped": [],
      "duration": 0,
      "root": true,
      "rootEmpty": true,
      "_timeout": 2000
    }
  ],
  "meta": {
    "mocha": {
      "version": "7.0.1"
    },
    "mochawesome": {
      "options": {
        "quiet": false,
        "reportFilename": "mochawesome",
        "saveHtml": false,
        "saveJson": true,
        "consoleReporter": "spec",
        "useInlineDiffs": false,
        "code": true
      },
      "version": "7.1.3"
    },
    "marge": {
      "options": {
        "charts": true,
        "reportPageTitle": "custom-title",
        "embeddedScreenshots": true,
        "inlineAssets": true,
        "saveAllAttempts": false,
        "overwrite": false,
        "html": false,
        "json": true,
        "reportDir": "cypress/reports/html/.jsons"
      },
      "version": "6.2.0"
    }
  }
}