{
  "stats": {
    "suites": 1,
    "tests": 1,
    "passes": 1,
    "pending": 0,
    "failures": 0,
    "start": "2024-10-05T11:35:36.610Z",
    "end": "2024-10-05T11:35:36.787Z",
    "duration": 177,
    "testsRegistered": 1,
    "passPercent": 100,
    "pendingPercent": 0,
    "other": 0,
    "hasOther": false,
    "skipped": 0,
    "hasSkipped": false
  },
  "results": [
    {
      "uuid": "30466416-76df-4e8c-817a-c9ba756db05a",
      "title": "",
      "fullFile": "cypress/e2e/API/Education/Get Songs By Education Genre.cy.js",
      "file": "cypress/e2e/API/Education/Get Songs By Education Genre.cy.js",
      "beforeHooks": [],
      "afterHooks": [],
      "tests": [],
      "suites": [
        {
          "uuid": "422a8e35-3c42-492d-8a6b-7265ca136e32",
          "title": "Get Songs By Education Genre",
          "fullFile": "",
          "file": "",
          "beforeHooks": [],
          "afterHooks": [],
          "tests": [
            {
              "title": "Метод GET повинен повертати відповідь з обов'язковими полями",
              "fullTitle": "Get Songs By Education Genre Метод GET повинен повертати відповідь з обов'язковими полями",
              "timedOut": null,
              "duration": 136,
              "state": "passed",
              "speed": "fast",
              "pass": true,
              "fail": false,
              "pending": false,
              "context": null,
              "code": "const songId = 1; // Ваш ID для пошуку\n// ${songId}\ncy.request({\n  method: 'GET',\n  url: `https://1000and1songs.com/api/v1/education/genre/1/songs?page=1&size=50`\n  // Додайте інші параметри запиту, якщо потрібно\n}).then(response => {\n  expect(response).to.have.property('status', 200);\n  // expect(response.body).to.not.be.null;\n  // expect(response.body).to.have.property('items')\n  // const expectedKeys = [\n  //     \"items\",\n  //     \"total\",\n  //     \"page\",        \n  //     \"size\",\n  //     \"pages\"\n  //   ];    \n  //   // Перевірка наявності кожного ключа\n  //   expectedKeys.forEach((key) => {\n  //     expect(response.body).to.have.property(key);\n});",
              "err": {},
              "uuid": "0d64373f-8c34-4f54-8abb-d6ec52772ddd",
              "parentUUID": "422a8e35-3c42-492d-8a6b-7265ca136e32",
              "isHook": false,
              "skipped": false
            }
          ],
          "suites": [],
          "passes": [
            "0d64373f-8c34-4f54-8abb-d6ec52772ddd"
          ],
          "failures": [],
          "pending": [],
          "skipped": [],
          "duration": 136,
          "root": false,
          "rootEmpty": false,
          "_timeout": 2000
        }
      ],
      "passes": [],
      "failures": [],
      "pending": [],
      "skipped": [],
      "duration": 0,
      "root": true,
      "rootEmpty": true,
      "_timeout": 2000
    }
  ],
  "meta": {
    "mocha": {
      "version": "7.0.1"
    },
    "mochawesome": {
      "options": {
        "quiet": false,
        "reportFilename": "mochawesome",
        "saveHtml": false,
        "saveJson": true,
        "consoleReporter": "spec",
        "useInlineDiffs": false,
        "code": true
      },
      "version": "7.1.3"
    },
    "marge": {
      "options": {
        "charts": true,
        "reportPageTitle": "custom-title",
        "embeddedScreenshots": true,
        "inlineAssets": true,
        "saveAllAttempts": false,
        "overwrite": false,
        "html": false,
        "json": true,
        "reportDir": "cypress/reports/html/.jsons"
      },
      "version": "6.2.0"
    }
  }
}