{
  "stats": {
    "suites": 1,
    "tests": 1,
    "passes": 0,
    "pending": 0,
    "failures": 1,
    "start": "2024-10-05T11:37:06.372Z",
    "end": "2024-10-05T11:37:30.395Z",
    "duration": 24023,
    "testsRegistered": 1,
    "passPercent": 0,
    "pendingPercent": 0,
    "other": 0,
    "hasOther": false,
    "skipped": 0,
    "hasSkipped": false
  },
  "results": [
    {
      "uuid": "419e6b0b-ecc0-482b-a9be-ca8f3c6f86f8",
      "title": "",
      "fullFile": "cypress/e2e/RegressionVisual/Features/PlayerStereo.cy.js",
      "file": "cypress/e2e/RegressionVisual/Features/PlayerStereo.cy.js",
      "beforeHooks": [],
      "afterHooks": [],
      "tests": [],
      "suites": [
        {
          "uuid": "1fef25a6-3886-40c6-9a9d-697da212230a",
          "title": "MainVisual",
          "fullFile": "",
          "file": "",
          "beforeHooks": [],
          "afterHooks": [],
          "tests": [
            {
              "title": "should be publicly accessible",
              "fullTitle": "MainVisual should be publicly accessible",
              "timedOut": null,
              "duration": 15496,
              "state": "failed",
              "speed": null,
              "pass": false,
              "fail": true,
              "pending": false,
              "context": null,
              "code": "cy.visit('/map');\ncy.get('app-stereo-player > :nth-child(1)').scrollIntoView().should('be.visible').then(() => {\n  cy.get('app-stereo-player > :nth-child(1)').matchImageSnapshot();\n});",
              "err": {
                "message": "TypeError: Converting circular structure to JSON\n    --> starting at object with constructor 'HTMLDocument'\n    |     property '__e3_' -> object with constructor 'Object'\n    |     property 'keydown' -> object with constructor 'Object'\n    |     property '1' -> object with constructor '_.bk'\n    --- property 'instance' closes the circle",
                "estack": "TypeError: Converting circular structure to JSON\n    --> starting at object with constructor 'HTMLDocument'\n    |     property '__e3_' -> object with constructor 'Object'\n    |     property 'keydown' -> object with constructor 'Object'\n    |     property '1' -> object with constructor '_.bk'\n    --- property 'instance' closes the circle\n    at JSON.stringify (<anonymous>)\n    at eval (webpack://1001_songs_cypress/./node_modules/allure-cypress/dist/cjs/index.js:1:15033)\n    at $Cypress.eval (webpack://1001_songs_cypress/./node_modules/allure-cypress/dist/cjs/index.js:1:15033)",
                "diff": null
              },
              "uuid": "43749c6e-d467-40fd-83a8-80cb5bf8c07e",
              "parentUUID": "1fef25a6-3886-40c6-9a9d-697da212230a",
              "isHook": false,
              "skipped": false
            }
          ],
          "suites": [],
          "passes": [],
          "failures": [
            "43749c6e-d467-40fd-83a8-80cb5bf8c07e"
          ],
          "pending": [],
          "skipped": [],
          "duration": 15496,
          "root": false,
          "rootEmpty": false,
          "_timeout": 2000
        }
      ],
      "passes": [],
      "failures": [],
      "pending": [],
      "skipped": [],
      "duration": 0,
      "root": true,
      "rootEmpty": true,
      "_timeout": 2000
    }
  ],
  "meta": {
    "mocha": {
      "version": "7.0.1"
    },
    "mochawesome": {
      "options": {
        "quiet": false,
        "reportFilename": "mochawesome",
        "saveHtml": false,
        "saveJson": true,
        "consoleReporter": "spec",
        "useInlineDiffs": false,
        "code": true
      },
      "version": "7.1.3"
    },
    "marge": {
      "options": {
        "charts": true,
        "reportPageTitle": "custom-title",
        "embeddedScreenshots": true,
        "inlineAssets": true,
        "saveAllAttempts": false,
        "overwrite": false,
        "html": false,
        "json": true,
        "reportDir": "cypress/reports/html/.jsons"
      },
      "version": "6.2.0"
    }
  }
}