{
  "stats": {
    "suites": 1,
    "tests": 1,
    "passes": 1,
    "pending": 0,
    "failures": 0,
    "start": "2024-08-20T09:45:21.320Z",
    "end": "2024-08-20T09:45:21.476Z",
    "duration": 156,
    "testsRegistered": 1,
    "passPercent": 100,
    "pendingPercent": 0,
    "other": 0,
    "hasOther": false,
    "skipped": 0,
    "hasSkipped": false
  },
  "results": [
    {
      "uuid": "61500d60-0c6b-498f-a6b1-115f02e2eba8",
      "title": "",
      "fullFile": "cypress/e2e/API/News/Get Categories.cy.js",
      "file": "cypress/e2e/API/News/Get Categories.cy.js",
      "beforeHooks": [],
      "afterHooks": [],
      "tests": [],
      "suites": [
        {
          "uuid": "f13d9852-29bd-4609-a8bb-1b8def63c2c7",
          "title": "Get Categories",
          "fullFile": "",
          "file": "",
          "beforeHooks": [],
          "afterHooks": [],
          "tests": [
            {
              "title": "Метод GET повинен повертати відповідь з обов'язковими полями",
              "fullTitle": "Get Categories Метод GET повинен повертати відповідь з обов'язковими полями",
              "timedOut": null,
              "duration": 123,
              "state": "passed",
              "speed": "fast",
              "pass": true,
              "fail": false,
              "pending": false,
              "context": null,
              "code": "cy.request('https://1000and1songs.com/api/v1/news/categories').then(response => {\n  expect(response).to.have.property('status', 200);\n  expect(response.body).to.not.be.null;\n  // Перевірка наявності обов'язкових ключів в кожному об'єкті масиву\n  response.body.forEach(category => {\n    expect(category).to.have.all.keys('id', 'name');\n  });\n});",
              "err": {},
              "uuid": "40779fda-d811-4fe5-857f-4b57a1c0d25f",
              "parentUUID": "f13d9852-29bd-4609-a8bb-1b8def63c2c7",
              "isHook": false,
              "skipped": false
            }
          ],
          "suites": [],
          "passes": [
            "40779fda-d811-4fe5-857f-4b57a1c0d25f"
          ],
          "failures": [],
          "pending": [],
          "skipped": [],
          "duration": 123,
          "root": false,
          "rootEmpty": false,
          "_timeout": 2000
        }
      ],
      "passes": [],
      "failures": [],
      "pending": [],
      "skipped": [],
      "duration": 0,
      "root": true,
      "rootEmpty": true,
      "_timeout": 2000
    }
  ],
  "meta": {
    "mocha": {
      "version": "7.0.1"
    },
    "mochawesome": {
      "options": {
        "quiet": false,
        "reportFilename": "mochawesome",
        "saveHtml": false,
        "saveJson": true,
        "consoleReporter": "spec",
        "useInlineDiffs": false,
        "code": true
      },
      "version": "7.1.3"
    },
    "marge": {
      "options": {
        "charts": true,
        "reportPageTitle": "custom-title",
        "embeddedScreenshots": true,
        "inlineAssets": true,
        "saveAllAttempts": false,
        "overwrite": false,
        "html": false,
        "json": true,
        "reportDir": "cypress/reports/html/.jsons"
      },
      "version": "6.2.0"
    }
  }
}