{
  "stats": {
    "suites": 1,
    "tests": 1,
    "passes": 1,
    "pending": 0,
    "failures": 0,
    "start": "2024-10-31T19:03:53.146Z",
    "end": "2024-10-31T19:03:53.356Z",
    "duration": 210,
    "testsRegistered": 1,
    "passPercent": 100,
    "pendingPercent": 0,
    "other": 0,
    "hasOther": false,
    "skipped": 0,
    "hasSkipped": false
  },
  "results": [
    {
      "uuid": "b0f821c5-ef58-4861-8f10-d1146348ad3c",
      "title": "",
      "fullFile": "cypress/e2e/API/Projects/Get Project.cy.js",
      "file": "cypress/e2e/API/Projects/Get Project.cy.js",
      "beforeHooks": [],
      "afterHooks": [],
      "tests": [],
      "suites": [
        {
          "uuid": "dd2a8fe7-b481-4b6e-b2f9-ccf381536c56",
          "title": "Get Project",
          "fullFile": "",
          "file": "",
          "beforeHooks": [],
          "afterHooks": [],
          "tests": [
            {
              "title": "Метод GET повинен повертати відповідь з обов'язковими полями",
              "fullTitle": "Get Project Метод GET повинен повертати відповідь з обов'язковими полями",
              "timedOut": null,
              "duration": 154,
              "state": "passed",
              "speed": "fast",
              "pass": true,
              "fail": false,
              "pending": false,
              "context": null,
              "code": "const projectId = 1;\ncy.request({\n  method: 'GET',\n  url: `https://1000and1songs.com/api/v1/projects/${projectId}`\n}).then(response => {\n  expect(response).to.have.property('status', 200);\n  expect(response.body).to.not.be.null;\n  expect(response.status).to.eq(200);\n  const expectedKeys = [\"id\", \"title\", \"location\", \"project_date\", \"content\", \"authors\", \"editors\", \"photographers\"];\n  // Перевірка наявності кожного ключа\n  expectedKeys.forEach(key => {\n    expect(response.body).to.have.property(key);\n  });\n});",
              "err": {},
              "uuid": "21b53186-1544-47f9-a1d2-69e154dc8515",
              "parentUUID": "dd2a8fe7-b481-4b6e-b2f9-ccf381536c56",
              "isHook": false,
              "skipped": false
            }
          ],
          "suites": [],
          "passes": [
            "21b53186-1544-47f9-a1d2-69e154dc8515"
          ],
          "failures": [],
          "pending": [],
          "skipped": [],
          "duration": 154,
          "root": false,
          "rootEmpty": false,
          "_timeout": 2000
        }
      ],
      "passes": [],
      "failures": [],
      "pending": [],
      "skipped": [],
      "duration": 0,
      "root": true,
      "rootEmpty": true,
      "_timeout": 2000
    }
  ],
  "meta": {
    "mocha": {
      "version": "7.0.1"
    },
    "mochawesome": {
      "options": {
        "quiet": false,
        "reportFilename": "mochawesome",
        "saveHtml": false,
        "saveJson": true,
        "consoleReporter": "spec",
        "useInlineDiffs": false,
        "code": true
      },
      "version": "7.1.3"
    },
    "marge": {
      "options": {
        "charts": true,
        "reportPageTitle": "custom-title",
        "embeddedScreenshots": true,
        "inlineAssets": true,
        "saveAllAttempts": false,
        "overwrite": false,
        "html": false,
        "json": true,
        "reportDir": "cypress/reports/html/.jsons"
      },
      "version": "6.2.0"
    }
  }
}