{
  "stats": {
    "suites": 1,
    "tests": 1,
    "passes": 0,
    "pending": 0,
    "failures": 1,
    "start": "2024-10-05T11:36:08.696Z",
    "end": "2024-10-05T11:36:41.868Z",
    "duration": 33172,
    "testsRegistered": 1,
    "passPercent": 0,
    "pendingPercent": 0,
    "other": 0,
    "hasOther": false,
    "skipped": 0,
    "hasSkipped": false
  },
  "results": [
    {
      "uuid": "39f46aa5-8329-4ea0-b559-0fec43d40e05",
      "title": "",
      "fullFile": "cypress/e2e/RegressionVisual/Features/Filter.cy.js",
      "file": "cypress/e2e/RegressionVisual/Features/Filter.cy.js",
      "beforeHooks": [],
      "afterHooks": [],
      "tests": [],
      "suites": [
        {
          "uuid": "b0ef54ed-7abd-4da3-96d9-c69b4c57837f",
          "title": "MainVisual",
          "fullFile": "",
          "file": "",
          "beforeHooks": [],
          "afterHooks": [],
          "tests": [
            {
              "title": "should be publicly accessible",
              "fullTitle": "MainVisual should be publicly accessible",
              "timedOut": null,
              "duration": 22740,
              "state": "failed",
              "speed": null,
              "pass": false,
              "fail": true,
              "pending": false,
              "context": null,
              "code": "cy.visit('/map');\ncy.get('.filter__header').click();\ncy.get('.filter__body').scrollIntoView().should('be.visible').then(() => {\n  cy.get('.filter__body').matchImageSnapshot({\n    failureThreshold: 0.05,\n    failureThresholdType: 'percent'\n  });\n  ;\n});",
              "err": {
                "message": "TypeError: Converting circular structure to JSON\n    --> starting at object with constructor 'HTMLDocument'\n    |     property '__e3_' -> object with constructor 'Object'\n    |     property 'keydown' -> object with constructor 'Object'\n    |     property '1' -> object with constructor '_.bk'\n    --- property 'instance' closes the circle",
                "estack": "TypeError: Converting circular structure to JSON\n    --> starting at object with constructor 'HTMLDocument'\n    |     property '__e3_' -> object with constructor 'Object'\n    |     property 'keydown' -> object with constructor 'Object'\n    |     property '1' -> object with constructor '_.bk'\n    --- property 'instance' closes the circle\n    at JSON.stringify (<anonymous>)\n    at eval (webpack://1001_songs_cypress/./node_modules/allure-cypress/dist/cjs/index.js:1:15033)\n    at $Cypress.eval (webpack://1001_songs_cypress/./node_modules/allure-cypress/dist/cjs/index.js:1:15033)",
                "diff": null
              },
              "uuid": "3cd5362a-fe52-4f18-9f2f-66e519bc24a4",
              "parentUUID": "b0ef54ed-7abd-4da3-96d9-c69b4c57837f",
              "isHook": false,
              "skipped": false
            }
          ],
          "suites": [],
          "passes": [],
          "failures": [
            "3cd5362a-fe52-4f18-9f2f-66e519bc24a4"
          ],
          "pending": [],
          "skipped": [],
          "duration": 22740,
          "root": false,
          "rootEmpty": false,
          "_timeout": 2000
        }
      ],
      "passes": [],
      "failures": [],
      "pending": [],
      "skipped": [],
      "duration": 0,
      "root": true,
      "rootEmpty": true,
      "_timeout": 2000
    }
  ],
  "meta": {
    "mocha": {
      "version": "7.0.1"
    },
    "mochawesome": {
      "options": {
        "quiet": false,
        "reportFilename": "mochawesome",
        "saveHtml": false,
        "saveJson": true,
        "consoleReporter": "spec",
        "useInlineDiffs": false,
        "code": true
      },
      "version": "7.1.3"
    },
    "marge": {
      "options": {
        "charts": true,
        "reportPageTitle": "custom-title",
        "embeddedScreenshots": true,
        "inlineAssets": true,
        "saveAllAttempts": false,
        "overwrite": false,
        "html": false,
        "json": true,
        "reportDir": "cypress/reports/html/.jsons"
      },
      "version": "6.2.0"
    }
  }
}