{
  "stats": {
    "suites": 1,
    "tests": 1,
    "passes": 0,
    "pending": 0,
    "failures": 1,
    "start": "2024-10-05T11:36:00.820Z",
    "end": "2024-10-05T11:36:01.110Z",
    "duration": 290,
    "testsRegistered": 1,
    "passPercent": 0,
    "pendingPercent": 0,
    "other": 0,
    "hasOther": false,
    "skipped": 0,
    "hasSkipped": false
  },
  "results": [
    {
      "uuid": "6d2de379-020d-4f05-ad05-d8dab49c4b80",
      "title": "",
      "fullFile": "cypress/e2e/API/News/Get One News.cy.js",
      "file": "cypress/e2e/API/News/Get One News.cy.js",
      "beforeHooks": [],
      "afterHooks": [],
      "tests": [],
      "suites": [
        {
          "uuid": "b34af0f2-5e48-47e7-9212-efe0d8395606",
          "title": "Get One News",
          "fullFile": "",
          "file": "",
          "beforeHooks": [],
          "afterHooks": [],
          "tests": [
            {
              "title": "Метод GET повинен повертати відповідь з обов'язковими полями",
              "fullTitle": "Get One News Метод GET повинен повертати відповідь з обов'язковими полями",
              "timedOut": null,
              "duration": 229,
              "state": "failed",
              "speed": null,
              "pass": false,
              "fail": true,
              "pending": false,
              "context": null,
              "code": "const itemId = 1; // Ваш ID для пошуку\ncy.request({\n  method: 'GET',\n  url: `https://1000and1songs.com/api/v1/news/${itemId}`\n  // Додайте інші параметри запиту, якщо потрібно\n}).then(response => {\n  expect(response).to.have.property('status', 200);\n  expect(response.body).to.not.be.null;\n  // Перевірка наявності обов'язкових ключів в відповіді\n  expect(response.body).to.have.all.keys('id', 'title', 'short_description', 'preview_photo', 'created_at', 'category', 'location', 'content', 'authors', 'editors', 'photographers');\n});",
              "err": {
                "message": "CypressError: `cy.request()` failed on:\n\nhttps://1000and1songs.com/api/v1/news/1\n\nThe response we received from your web server was:\n\n  > 404: Not Found\n\nThis was considered a failure because the status code was not `2xx` or `3xx`.\n\nIf you do not want status codes to cause failures pass the option: `failOnStatusCode: false`\n\n-----------------------------------------------------------\n\nThe request we sent was:\n\nMethod: GET\nURL: https://1000and1songs.com/api/v1/news/1\nHeaders: {\n  \"Connection\": \"keep-alive\",\n  \"user-agent\": \"Mozilla/5.0 (X11; Linux x86_64) AppleWebKit/537.36 (KHTML, like Gecko) Cypress/13.6.6 Chrome/118.0.5993.159 Electron/27.1.3 Safari/537.36\",\n  \"accept\": \"*/*\",\n  \"accept-encoding\": \"gzip, deflate\"\n}\n\n-----------------------------------------------------------\n\nThe response we got was:\n\nStatus: 404 - Not Found\nHeaders: {\n  \"server\": \"nginx/1.18.0 (Ubuntu)\",\n  \"date\": \"Sat, 05 Oct 2024 11:36:00 GMT\",\n  \"content-type\": \"application/json\",\n  \"content-length\": \"27\",\n  \"connection\": \"keep-alive\",\n  \"x-process-time\": \"3 ms\"\n}\nBody: {\n  \"detail\": \"No data found.\"\n}\n\n\nhttps://on.cypress.io/request",
                "estack": "CypressError: `cy.request()` failed on:\n\nhttps://1000and1songs.com/api/v1/news/1\n\nThe response we received from your web server was:\n\n  > 404: Not Found\n\nThis was considered a failure because the status code was not `2xx` or `3xx`.\n\nIf you do not want status codes to cause failures pass the option: `failOnStatusCode: false`\n\n-----------------------------------------------------------\n\nThe request we sent was:\n\nMethod: GET\nURL: https://1000and1songs.com/api/v1/news/1\nHeaders: {\n  \"Connection\": \"keep-alive\",\n  \"user-agent\": \"Mozilla/5.0 (X11; Linux x86_64) AppleWebKit/537.36 (KHTML, like Gecko) Cypress/13.6.6 Chrome/118.0.5993.159 Electron/27.1.3 Safari/537.36\",\n  \"accept\": \"*/*\",\n  \"accept-encoding\": \"gzip, deflate\"\n}\n\n-----------------------------------------------------------\n\nThe response we got was:\n\nStatus: 404 - Not Found\nHeaders: {\n  \"server\": \"nginx/1.18.0 (Ubuntu)\",\n  \"date\": \"Sat, 05 Oct 2024 11:36:00 GMT\",\n  \"content-type\": \"application/json\",\n  \"content-length\": \"27\",\n  \"connection\": \"keep-alive\",\n  \"x-process-time\": \"3 ms\"\n}\nBody: {\n  \"detail\": \"No data found.\"\n}\n\n\nhttps://on.cypress.io/request\n    at <unknown> (https://1000and1songs.com/__cypress/runner/cypress_runner.js:133028:72)\n    at tryCatcher (https://1000and1songs.com/__cypress/runner/cypress_runner.js:1807:23)\n    at Promise._settlePromiseFromHandler (https://1000and1songs.com/__cypress/runner/cypress_runner.js:1519:31)\n    at Promise._settlePromise (https://1000and1songs.com/__cypress/runner/cypress_runner.js:1576:18)\n    at Promise._settlePromise0 (https://1000and1songs.com/__cypress/runner/cypress_runner.js:1621:10)\n    at Promise._settlePromises (https://1000and1songs.com/__cypress/runner/cypress_runner.js:1701:18)\n    at _drainQueueStep (https://1000and1songs.com/__cypress/runner/cypress_runner.js:2407:12)\n    at _drainQueue (https://1000and1songs.com/__cypress/runner/cypress_runner.js:2400:9)\n    at Async._drainQueues (https://1000and1songs.com/__cypress/runner/cypress_runner.js:2416:5)\n    at Async.drainQueues (https://1000and1songs.com/__cypress/runner/cypress_runner.js:2286:14)\nFrom Your Spec Code:\n    at Context.eval (webpack://1001_songs_cypress/./cypress/e2e/API/News/Get One News.cy.js:5:9)",
                "diff": null
              },
              "uuid": "8b94ccf1-9101-42da-87d2-ba9ad83690fa",
              "parentUUID": "b34af0f2-5e48-47e7-9212-efe0d8395606",
              "isHook": false,
              "skipped": false
            }
          ],
          "suites": [],
          "passes": [],
          "failures": [
            "8b94ccf1-9101-42da-87d2-ba9ad83690fa"
          ],
          "pending": [],
          "skipped": [],
          "duration": 229,
          "root": false,
          "rootEmpty": false,
          "_timeout": 2000
        }
      ],
      "passes": [],
      "failures": [],
      "pending": [],
      "skipped": [],
      "duration": 0,
      "root": true,
      "rootEmpty": true,
      "_timeout": 2000
    }
  ],
  "meta": {
    "mocha": {
      "version": "7.0.1"
    },
    "mochawesome": {
      "options": {
        "quiet": false,
        "reportFilename": "mochawesome",
        "saveHtml": false,
        "saveJson": true,
        "consoleReporter": "spec",
        "useInlineDiffs": false,
        "code": true
      },
      "version": "7.1.3"
    },
    "marge": {
      "options": {
        "charts": true,
        "reportPageTitle": "custom-title",
        "embeddedScreenshots": true,
        "inlineAssets": true,
        "saveAllAttempts": false,
        "overwrite": false,
        "html": false,
        "json": true,
        "reportDir": "cypress/reports/html/.jsons"
      },
      "version": "6.2.0"
    }
  }
}