{
  "stats": {
    "suites": 1,
    "tests": 1,
    "passes": 1,
    "pending": 0,
    "failures": 0,
    "start": "2024-10-05T11:37:59.044Z",
    "end": "2024-10-05T11:38:05.102Z",
    "duration": 6058,
    "testsRegistered": 1,
    "passPercent": 100,
    "pendingPercent": 0,
    "other": 0,
    "hasOther": false,
    "skipped": 0,
    "hasSkipped": false
  },
  "results": [
    {
      "uuid": "3687f800-5b4e-4a88-a4cc-9b53e8c9b621",
      "title": "",
      "fullFile": "cypress/e2e/RegressionVisual/Pages/EducationPage.cy.js",
      "file": "cypress/e2e/RegressionVisual/Pages/EducationPage.cy.js",
      "beforeHooks": [],
      "afterHooks": [],
      "tests": [],
      "suites": [
        {
          "uuid": "92dc9df7-d321-4510-8745-92692b10c1ce",
          "title": "MainVisual",
          "fullFile": "",
          "file": "",
          "beforeHooks": [],
          "afterHooks": [],
          "tests": [
            {
              "title": "should be publicly accessible",
              "fullTitle": "MainVisual should be publicly accessible",
              "timedOut": null,
              "duration": 5980,
              "state": "passed",
              "speed": "medium",
              "pass": true,
              "fail": false,
              "pending": false,
              "context": null,
              "code": "cy.visit('/education');\ncy.wait(500);\ncy.matchImageSnapshot({\n  failureThreshold: 0.05,\n  failureThresholdType: 'percent'\n});",
              "err": {},
              "uuid": "955b3105-8f91-425b-ad2b-cf8a972b1141",
              "parentUUID": "92dc9df7-d321-4510-8745-92692b10c1ce",
              "isHook": false,
              "skipped": false
            }
          ],
          "suites": [],
          "passes": [
            "955b3105-8f91-425b-ad2b-cf8a972b1141"
          ],
          "failures": [],
          "pending": [],
          "skipped": [],
          "duration": 5980,
          "root": false,
          "rootEmpty": false,
          "_timeout": 2000
        }
      ],
      "passes": [],
      "failures": [],
      "pending": [],
      "skipped": [],
      "duration": 0,
      "root": true,
      "rootEmpty": true,
      "_timeout": 2000
    }
  ],
  "meta": {
    "mocha": {
      "version": "7.0.1"
    },
    "mochawesome": {
      "options": {
        "quiet": false,
        "reportFilename": "mochawesome",
        "saveHtml": false,
        "saveJson": true,
        "consoleReporter": "spec",
        "useInlineDiffs": false,
        "code": true
      },
      "version": "7.1.3"
    },
    "marge": {
      "options": {
        "charts": true,
        "reportPageTitle": "custom-title",
        "embeddedScreenshots": true,
        "inlineAssets": true,
        "saveAllAttempts": false,
        "overwrite": false,
        "html": false,
        "json": true,
        "reportDir": "cypress/reports/html/.jsons"
      },
      "version": "6.2.0"
    }
  }
}