{
  "stats": {
    "suites": 1,
    "tests": 1,
    "passes": 1,
    "pending": 0,
    "failures": 0,
    "start": "2024-08-20T09:47:01.278Z",
    "end": "2024-08-20T09:47:08.408Z",
    "duration": 7130,
    "testsRegistered": 1,
    "passPercent": 100,
    "pendingPercent": 0,
    "other": 0,
    "hasOther": false,
    "skipped": 0,
    "hasSkipped": false
  },
  "results": [
    {
      "uuid": "598a041f-d5ac-45a4-8512-a59eff8ae3fe",
      "title": "",
      "fullFile": "cypress/e2e/RegressionVisual/Pages/AboutPage.cy.js",
      "file": "cypress/e2e/RegressionVisual/Pages/AboutPage.cy.js",
      "beforeHooks": [],
      "afterHooks": [],
      "tests": [],
      "suites": [
        {
          "uuid": "24f839ce-b606-40b5-b5a6-e78833d53698",
          "title": "MainVisual",
          "fullFile": "",
          "file": "",
          "beforeHooks": [],
          "afterHooks": [],
          "tests": [
            {
              "title": "should be publicly accessible",
              "fullTitle": "MainVisual should be publicly accessible",
              "timedOut": null,
              "duration": 7085,
              "state": "passed",
              "speed": "medium",
              "pass": true,
              "fail": false,
              "pending": false,
              "context": null,
              "code": "cy.visit('/about');\ncy.wait(500);\ncy.matchImageSnapshot({\n  failureThreshold: 0.05,\n  failureThresholdType: 'percent'\n});",
              "err": {},
              "uuid": "9676794c-1b80-4357-9631-7973720f57f7",
              "parentUUID": "24f839ce-b606-40b5-b5a6-e78833d53698",
              "isHook": false,
              "skipped": false
            }
          ],
          "suites": [],
          "passes": [
            "9676794c-1b80-4357-9631-7973720f57f7"
          ],
          "failures": [],
          "pending": [],
          "skipped": [],
          "duration": 7085,
          "root": false,
          "rootEmpty": false,
          "_timeout": 2000
        }
      ],
      "passes": [],
      "failures": [],
      "pending": [],
      "skipped": [],
      "duration": 0,
      "root": true,
      "rootEmpty": true,
      "_timeout": 2000
    }
  ],
  "meta": {
    "mocha": {
      "version": "7.0.1"
    },
    "mochawesome": {
      "options": {
        "quiet": false,
        "reportFilename": "mochawesome",
        "saveHtml": false,
        "saveJson": true,
        "consoleReporter": "spec",
        "useInlineDiffs": false,
        "code": true
      },
      "version": "7.1.3"
    },
    "marge": {
      "options": {
        "charts": true,
        "reportPageTitle": "custom-title",
        "embeddedScreenshots": true,
        "inlineAssets": true,
        "saveAllAttempts": false,
        "overwrite": false,
        "html": false,
        "json": true,
        "reportDir": "cypress/reports/html/.jsons"
      },
      "version": "6.2.0"
    }
  }
}