{
  "stats": {
    "suites": 1,
    "tests": 1,
    "passes": 1,
    "pending": 0,
    "failures": 0,
    "start": "2024-08-05T10:32:14.594Z",
    "end": "2024-08-05T10:32:23.593Z",
    "duration": 8999,
    "testsRegistered": 1,
    "passPercent": 100,
    "pendingPercent": 0,
    "other": 0,
    "hasOther": false,
    "skipped": 0,
    "hasSkipped": false
  },
  "results": [
    {
      "uuid": "91109f5b-e42f-4526-8276-a4dae59b0be0",
      "title": "",
      "fullFile": "cypress/e2e/RegressionVisual/Pages/MainPage.cy.js",
      "file": "cypress/e2e/RegressionVisual/Pages/MainPage.cy.js",
      "beforeHooks": [],
      "afterHooks": [],
      "tests": [],
      "suites": [
        {
          "uuid": "8bd1765c-168b-4de1-9bb2-eba8c0773e5b",
          "title": "MainVisual",
          "fullFile": "",
          "file": "",
          "beforeHooks": [],
          "afterHooks": [],
          "tests": [
            {
              "title": "should be publicly accessible",
              "fullTitle": "MainVisual should be publicly accessible",
              "timedOut": null,
              "duration": 8870,
              "state": "passed",
              "speed": "medium",
              "pass": true,
              "fail": false,
              "pending": false,
              "context": null,
              "code": "cy.visit('/');\ncy.get('.map-container').scrollIntoView().wait(700).should('be.visible').then(() => {\n  cy.matchImageSnapshot({\n    failureThreshold: 0.05,\n    failureThresholdType: 'percent'\n  });\n});",
              "err": {},
              "uuid": "326f1272-ed44-4648-91d0-630a13158933",
              "parentUUID": "8bd1765c-168b-4de1-9bb2-eba8c0773e5b",
              "isHook": false,
              "skipped": false
            }
          ],
          "suites": [],
          "passes": [
            "326f1272-ed44-4648-91d0-630a13158933"
          ],
          "failures": [],
          "pending": [],
          "skipped": [],
          "duration": 8870,
          "root": false,
          "rootEmpty": false,
          "_timeout": 2000
        }
      ],
      "passes": [],
      "failures": [],
      "pending": [],
      "skipped": [],
      "duration": 0,
      "root": true,
      "rootEmpty": true,
      "_timeout": 2000
    }
  ],
  "meta": {
    "mocha": {
      "version": "7.0.1"
    },
    "mochawesome": {
      "options": {
        "quiet": false,
        "reportFilename": "mochawesome",
        "saveHtml": false,
        "saveJson": true,
        "consoleReporter": "spec",
        "useInlineDiffs": false,
        "code": true
      },
      "version": "7.1.3"
    },
    "marge": {
      "options": {
        "charts": true,
        "reportPageTitle": "custom-title",
        "embeddedScreenshots": true,
        "inlineAssets": true,
        "saveAllAttempts": false,
        "overwrite": false,
        "html": false,
        "json": true,
        "reportDir": "cypress/reports/html/.jsons"
      },
      "version": "6.2.0"
    }
  }
}