{
  "stats": {
    "suites": 1,
    "tests": 1,
    "passes": 0,
    "pending": 0,
    "failures": 1,
    "start": "2024-10-31T19:10:37.281Z",
    "end": "2024-10-31T19:10:43.543Z",
    "duration": 6262,
    "testsRegistered": 1,
    "passPercent": 0,
    "pendingPercent": 0,
    "other": 0,
    "hasOther": false,
    "skipped": 0,
    "hasSkipped": false
  },
  "results": [
    {
      "uuid": "9a5a2b85-30c3-4102-9f36-bc9cd2121244",
      "title": "",
      "fullFile": "cypress/e2e/RegressionVisual/Pages/NewsPage.cy.js",
      "file": "cypress/e2e/RegressionVisual/Pages/NewsPage.cy.js",
      "beforeHooks": [],
      "afterHooks": [],
      "tests": [],
      "suites": [
        {
          "uuid": "86e3e814-f2c3-486f-afd4-cf35233bfea3",
          "title": "MainVisual",
          "fullFile": "",
          "file": "",
          "beforeHooks": [],
          "afterHooks": [],
          "tests": [
            {
              "title": "should be publicly accessible",
              "fullTitle": "MainVisual should be publicly accessible",
              "timedOut": null,
              "duration": 6172,
              "state": "failed",
              "speed": null,
              "pass": false,
              "fail": true,
              "pending": false,
              "context": null,
              "code": "cy.visit('/news');\ncy.wait(700);\ncy.matchImageSnapshot({\n  // blackout: ['section.home__tape'],\n});",
              "err": {
                "message": "Error: Image was 0.2674418604651163% different from saved snapshot with 4945 different pixels.\nSee diff for details: /home/user/Documents/QA_Automation_projects/Cypress_projects/1001_songs_project_Cypress/cypress/snapshots/RegressionVisual/Pages/NewsPage.cy.js/__diff_output__/MainVisual -- should be publicly accessible.diff.png",
                "estack": "Error: Image was 0.2674418604651163% different from saved snapshot with 4945 different pixels.\nSee diff for details: /home/user/Documents/QA_Automation_projects/Cypress_projects/1001_songs_project_Cypress/cypress/snapshots/RegressionVisual/Pages/NewsPage.cy.js/__diff_output__/MainVisual -- should be publicly accessible.diff.png\n    at Context.eval (webpack://1001_songs_cypress/./node_modules/@simonsmith/cypress-image-snapshot/command.js:68:0)",
                "diff": null
              },
              "uuid": "19b80be5-dd78-4336-9929-5483f3611580",
              "parentUUID": "86e3e814-f2c3-486f-afd4-cf35233bfea3",
              "isHook": false,
              "skipped": false
            }
          ],
          "suites": [],
          "passes": [],
          "failures": [
            "19b80be5-dd78-4336-9929-5483f3611580"
          ],
          "pending": [],
          "skipped": [],
          "duration": 6172,
          "root": false,
          "rootEmpty": false,
          "_timeout": 2000
        }
      ],
      "passes": [],
      "failures": [],
      "pending": [],
      "skipped": [],
      "duration": 0,
      "root": true,
      "rootEmpty": true,
      "_timeout": 2000
    }
  ],
  "meta": {
    "mocha": {
      "version": "7.0.1"
    },
    "mochawesome": {
      "options": {
        "quiet": false,
        "reportFilename": "mochawesome",
        "saveHtml": false,
        "saveJson": true,
        "consoleReporter": "spec",
        "useInlineDiffs": false,
        "code": true
      },
      "version": "7.1.3"
    },
    "marge": {
      "options": {
        "charts": true,
        "reportPageTitle": "custom-title",
        "embeddedScreenshots": true,
        "inlineAssets": true,
        "saveAllAttempts": false,
        "overwrite": false,
        "html": false,
        "json": true,
        "reportDir": "cypress/reports/html/.jsons"
      },
      "version": "6.2.0"
    }
  }
}