{
  "stats": {
    "suites": 1,
    "tests": 1,
    "passes": 1,
    "pending": 0,
    "failures": 0,
    "start": "2024-08-05T10:28:20.049Z",
    "end": "2024-08-05T10:28:29.304Z",
    "duration": 9255,
    "testsRegistered": 1,
    "passPercent": 100,
    "pendingPercent": 0,
    "other": 0,
    "hasOther": false,
    "skipped": 0,
    "hasSkipped": false
  },
  "results": [
    {
      "uuid": "2e782f24-88df-4e16-aa58-30399b1608d8",
      "title": "",
      "fullFile": "cypress/e2e/Front/Header.cy.js",
      "file": "cypress/e2e/Front/Header.cy.js",
      "beforeHooks": [],
      "afterHooks": [],
      "tests": [],
      "suites": [
        {
          "uuid": "8589aa1a-418e-4236-9dcf-2fb1cd3a1ff0",
          "title": "Header",
          "fullFile": "",
          "file": "",
          "beforeHooks": [],
          "afterHooks": [],
          "tests": [
            {
              "title": "Header",
              "fullTitle": "Header Header",
              "timedOut": null,
              "duration": 6879,
              "state": "passed",
              "speed": "medium",
              "pass": true,
              "fail": false,
              "pending": false,
              "context": null,
              "code": "cy.pixeleyeSnapshot({\n  name: \"landing-header\"\n});\ncy.viewport(1280, 1020);\ncy.visit('/');\n// cy.injectAxe();\n// cy.checkA11y();\nconst Header = new _HeaderContainer.default();\nHeader.validateHeaderContainer();\nHeader.validateLogo();\nHeader.validateHeaderBtn();\nHeader.validateSearchField();\nHeader.validateDonateBtn();",
              "err": {},
              "uuid": "7fd2a35f-2197-48e1-9005-21182d776456",
              "parentUUID": "8589aa1a-418e-4236-9dcf-2fb1cd3a1ff0",
              "isHook": false,
              "skipped": false
            }
          ],
          "suites": [],
          "passes": [
            "7fd2a35f-2197-48e1-9005-21182d776456"
          ],
          "failures": [],
          "pending": [],
          "skipped": [],
          "duration": 6879,
          "root": false,
          "rootEmpty": false,
          "_timeout": 2000
        }
      ],
      "passes": [],
      "failures": [],
      "pending": [],
      "skipped": [],
      "duration": 0,
      "root": true,
      "rootEmpty": true,
      "_timeout": 2000
    }
  ],
  "meta": {
    "mocha": {
      "version": "7.0.1"
    },
    "mochawesome": {
      "options": {
        "quiet": false,
        "reportFilename": "mochawesome",
        "saveHtml": false,
        "saveJson": true,
        "consoleReporter": "spec",
        "useInlineDiffs": false,
        "code": true
      },
      "version": "7.1.3"
    },
    "marge": {
      "options": {
        "charts": true,
        "reportPageTitle": "custom-title",
        "embeddedScreenshots": true,
        "inlineAssets": true,
        "saveAllAttempts": false,
        "overwrite": false,
        "html": false,
        "json": true,
        "reportDir": "cypress/reports/html/.jsons"
      },
      "version": "6.2.0"
    }
  }
}