{
  "stats": {
    "suites": 1,
    "tests": 1,
    "passes": 0,
    "pending": 0,
    "failures": 1,
    "start": "2024-10-31T19:10:04.783Z",
    "end": "2024-10-31T19:10:28.922Z",
    "duration": 24139,
    "testsRegistered": 1,
    "passPercent": 0,
    "pendingPercent": 0,
    "other": 0,
    "hasOther": false,
    "skipped": 0,
    "hasSkipped": false
  },
  "results": [
    {
      "uuid": "371fc5e3-3ed5-49ab-be28-ee75b4a9958a",
      "title": "",
      "fullFile": "cypress/e2e/RegressionVisual/Pages/MapPage.cy.js",
      "file": "cypress/e2e/RegressionVisual/Pages/MapPage.cy.js",
      "beforeHooks": [],
      "afterHooks": [],
      "tests": [],
      "suites": [
        {
          "uuid": "71c81ade-2d50-48f2-af3c-ca487d9d8eff",
          "title": "MainVisual",
          "fullFile": "",
          "file": "",
          "beforeHooks": [],
          "afterHooks": [],
          "tests": [
            {
              "title": "should be publicly accessible",
              "fullTitle": "MainVisual should be publicly accessible",
              "timedOut": null,
              "duration": 11689,
              "state": "failed",
              "speed": null,
              "pass": false,
              "fail": true,
              "pending": false,
              "context": null,
              "code": "cy.visit('/map');\ncy.wait(500);\ncy.matchImageSnapshot({\n  failureThreshold: 0.05,\n  failureThresholdType: 'percent'\n});",
              "err": {
                "message": "Error: Image was 21.000868357068427% different from saved snapshot with 604615 different pixels.\nSee diff for details: /home/user/Documents/QA_Automation_projects/Cypress_projects/1001_songs_project_Cypress/cypress/snapshots/RegressionVisual/Pages/MapPage.cy.js/__diff_output__/MainVisual -- should be publicly accessible.diff.png",
                "estack": "Error: Image was 21.000868357068427% different from saved snapshot with 604615 different pixels.\nSee diff for details: /home/user/Documents/QA_Automation_projects/Cypress_projects/1001_songs_project_Cypress/cypress/snapshots/RegressionVisual/Pages/MapPage.cy.js/__diff_output__/MainVisual -- should be publicly accessible.diff.png\n    at Context.eval (webpack://1001_songs_cypress/./node_modules/@simonsmith/cypress-image-snapshot/command.js:68:0)",
                "diff": null
              },
              "uuid": "5e441318-16a4-4eb0-9ccb-4109c993bbee",
              "parentUUID": "71c81ade-2d50-48f2-af3c-ca487d9d8eff",
              "isHook": false,
              "skipped": false
            }
          ],
          "suites": [],
          "passes": [],
          "failures": [
            "5e441318-16a4-4eb0-9ccb-4109c993bbee"
          ],
          "pending": [],
          "skipped": [],
          "duration": 11689,
          "root": false,
          "rootEmpty": false,
          "_timeout": 2000
        }
      ],
      "passes": [],
      "failures": [],
      "pending": [],
      "skipped": [],
      "duration": 0,
      "root": true,
      "rootEmpty": true,
      "_timeout": 2000
    }
  ],
  "meta": {
    "mocha": {
      "version": "7.0.1"
    },
    "mochawesome": {
      "options": {
        "quiet": false,
        "reportFilename": "mochawesome",
        "saveHtml": false,
        "saveJson": true,
        "consoleReporter": "spec",
        "useInlineDiffs": false,
        "code": true
      },
      "version": "7.1.3"
    },
    "marge": {
      "options": {
        "charts": true,
        "reportPageTitle": "custom-title",
        "embeddedScreenshots": true,
        "inlineAssets": true,
        "saveAllAttempts": false,
        "overwrite": false,
        "html": false,
        "json": true,
        "reportDir": "cypress/reports/html/.jsons"
      },
      "version": "6.2.0"
    }
  }
}