{
  "stats": {
    "suites": 1,
    "tests": 1,
    "passes": 0,
    "pending": 0,
    "failures": 1,
    "start": "2024-10-31T19:07:37.096Z",
    "end": "2024-10-31T19:07:41.990Z",
    "duration": 4894,
    "testsRegistered": 1,
    "passPercent": 0,
    "pendingPercent": 0,
    "other": 0,
    "hasOther": false,
    "skipped": 0,
    "hasSkipped": false
  },
  "results": [
    {
      "uuid": "73404ce3-c946-42c6-9493-9c3c62bb1e3d",
      "title": "",
      "fullFile": "cypress/e2e/RegressionVisual/Features/Header.cy.js",
      "file": "cypress/e2e/RegressionVisual/Features/Header.cy.js",
      "beforeHooks": [],
      "afterHooks": [],
      "tests": [],
      "suites": [
        {
          "uuid": "a8628ad1-2735-4bda-bb7b-d0ee00d85112",
          "title": "MainVisual",
          "fullFile": "",
          "file": "",
          "beforeHooks": [],
          "afterHooks": [],
          "tests": [
            {
              "title": "should be publicly accessible",
              "fullTitle": "MainVisual should be publicly accessible",
              "timedOut": null,
              "duration": 4782,
              "state": "failed",
              "speed": null,
              "pass": false,
              "fail": true,
              "pending": false,
              "context": null,
              "code": "cy.visit('/');\ncy.get('.nav').matchImageSnapshot({});",
              "err": {
                "message": "TypeError: Converting circular structure to JSON\n    --> starting at object with constructor 'HTMLDocument'\n    |     property '__e3_' -> object with constructor 'Object'\n    |     property 'keydown' -> object with constructor 'Object'\n    |     property '1' -> object with constructor '_.sk'\n    --- property 'instance' closes the circle",
                "estack": "TypeError: Converting circular structure to JSON\n    --> starting at object with constructor 'HTMLDocument'\n    |     property '__e3_' -> object with constructor 'Object'\n    |     property 'keydown' -> object with constructor 'Object'\n    |     property '1' -> object with constructor '_.sk'\n    --- property 'instance' closes the circle\n    at JSON.stringify (<anonymous>)\n    at eval (webpack://1001_songs_cypress/./node_modules/allure-cypress/dist/cjs/index.js:1:15033)\n    at $Cypress.eval (webpack://1001_songs_cypress/./node_modules/allure-cypress/dist/cjs/index.js:1:15033)",
                "diff": null
              },
              "uuid": "53d9be7d-202b-4818-aeb2-e7b35f5c83e6",
              "parentUUID": "a8628ad1-2735-4bda-bb7b-d0ee00d85112",
              "isHook": false,
              "skipped": false
            }
          ],
          "suites": [],
          "passes": [],
          "failures": [
            "53d9be7d-202b-4818-aeb2-e7b35f5c83e6"
          ],
          "pending": [],
          "skipped": [],
          "duration": 4782,
          "root": false,
          "rootEmpty": false,
          "_timeout": 2000
        }
      ],
      "passes": [],
      "failures": [],
      "pending": [],
      "skipped": [],
      "duration": 0,
      "root": true,
      "rootEmpty": true,
      "_timeout": 2000
    }
  ],
  "meta": {
    "mocha": {
      "version": "7.0.1"
    },
    "mochawesome": {
      "options": {
        "quiet": false,
        "reportFilename": "mochawesome",
        "saveHtml": false,
        "saveJson": true,
        "consoleReporter": "spec",
        "useInlineDiffs": false,
        "code": true
      },
      "version": "7.1.3"
    },
    "marge": {
      "options": {
        "charts": true,
        "reportPageTitle": "custom-title",
        "embeddedScreenshots": true,
        "inlineAssets": true,
        "saveAllAttempts": false,
        "overwrite": false,
        "html": false,
        "json": true,
        "reportDir": "cypress/reports/html/.jsons"
      },
      "version": "6.2.0"
    }
  }
}