{
  "stats": {
    "suites": 1,
    "tests": 2,
    "passes": 2,
    "pending": 0,
    "failures": 0,
    "start": "2024-08-05T10:28:55.211Z",
    "end": "2024-08-05T10:29:18.256Z",
    "duration": 23045,
    "testsRegistered": 2,
    "passPercent": 100,
    "pendingPercent": 0,
    "other": 0,
    "hasOther": false,
    "skipped": 0,
    "hasSkipped": false
  },
  "results": [
    {
      "uuid": "3feb7449-7cdb-49e3-8061-e42a6fc4e97f",
      "title": "",
      "fullFile": "cypress/e2e/Front/Search.cy.js",
      "file": "cypress/e2e/Front/Search.cy.js",
      "beforeHooks": [],
      "afterHooks": [],
      "tests": [],
      "suites": [
        {
          "uuid": "a4eee951-96f5-4f1f-8cf5-754d199741d1",
          "title": "Search",
          "fullFile": "",
          "file": "",
          "beforeHooks": [],
          "afterHooks": [],
          "tests": [
            {
              "title": "Valid_data",
              "fullTitle": "Search Valid_data",
              "timedOut": null,
              "duration": 12907,
              "state": "passed",
              "speed": "slow",
              "pass": true,
              "fail": false,
              "pending": false,
              "context": null,
              "code": "cy.viewport(1280, 1020);\ncy.visit('/');\nconst Search = new _SearchF.default();\nSearch.validateSearchField();\nSearch.inputValidData();\nSearch.validateSearchValidData();\ncy.reload();",
              "err": {},
              "uuid": "bfc8a62b-bd0b-40b0-9c1c-4ac2d8f3ed65",
              "parentUUID": "a4eee951-96f5-4f1f-8cf5-754d199741d1",
              "isHook": false,
              "skipped": false
            },
            {
              "title": "Invalid_data",
              "fullTitle": "Search Invalid_data",
              "timedOut": null,
              "duration": 7130,
              "state": "passed",
              "speed": "medium",
              "pass": true,
              "fail": false,
              "pending": false,
              "context": null,
              "code": "cy.viewport(1280, 1020);\ncy.visit('/');\nconst Search = new _SearchF.default();\nSearch.validateSearchField();\nSearch.inputInvalidData();\nSearch.validateSearchInvalidData();",
              "err": {},
              "uuid": "11416640-26d1-4287-8dff-dedc3c8d83bb",
              "parentUUID": "a4eee951-96f5-4f1f-8cf5-754d199741d1",
              "isHook": false,
              "skipped": false
            }
          ],
          "suites": [],
          "passes": [
            "bfc8a62b-bd0b-40b0-9c1c-4ac2d8f3ed65",
            "11416640-26d1-4287-8dff-dedc3c8d83bb"
          ],
          "failures": [],
          "pending": [],
          "skipped": [],
          "duration": 20037,
          "root": false,
          "rootEmpty": false,
          "_timeout": 2000
        }
      ],
      "passes": [],
      "failures": [],
      "pending": [],
      "skipped": [],
      "duration": 0,
      "root": true,
      "rootEmpty": true,
      "_timeout": 2000
    }
  ],
  "meta": {
    "mocha": {
      "version": "7.0.1"
    },
    "mochawesome": {
      "options": {
        "quiet": false,
        "reportFilename": "mochawesome",
        "saveHtml": false,
        "saveJson": true,
        "consoleReporter": "spec",
        "useInlineDiffs": false,
        "code": true
      },
      "version": "7.1.3"
    },
    "marge": {
      "options": {
        "charts": true,
        "reportPageTitle": "custom-title",
        "embeddedScreenshots": true,
        "inlineAssets": true,
        "saveAllAttempts": false,
        "overwrite": false,
        "html": false,
        "json": true,
        "reportDir": "cypress/reports/html/.jsons"
      },
      "version": "6.2.0"
    }
  }
}