{
  "stats": {
    "suites": 1,
    "tests": 1,
    "passes": 1,
    "pending": 0,
    "failures": 0,
    "start": "2024-10-31T19:03:36.565Z",
    "end": "2024-10-31T19:03:36.758Z",
    "duration": 193,
    "testsRegistered": 1,
    "passPercent": 100,
    "pendingPercent": 0,
    "other": 0,
    "hasOther": false,
    "skipped": 0,
    "hasSkipped": false
  },
  "results": [
    {
      "uuid": "591c2230-f1e1-4676-9aa3-0b4d81f1958d",
      "title": "",
      "fullFile": "cypress/e2e/API/News/Get News.cy.js",
      "file": "cypress/e2e/API/News/Get News.cy.js",
      "beforeHooks": [],
      "afterHooks": [],
      "tests": [],
      "suites": [
        {
          "uuid": "b414e55c-6bb0-46f7-b48b-7a933c192bc2",
          "title": "Get News",
          "fullFile": "",
          "file": "",
          "beforeHooks": [],
          "afterHooks": [],
          "tests": [
            {
              "title": "Метод GET повинен повертати відповідь з обовязковими полями",
              "fullTitle": "Get News Метод GET повинен повертати відповідь з обовязковими полями",
              "timedOut": null,
              "duration": 133,
              "state": "passed",
              "speed": "fast",
              "pass": true,
              "fail": false,
              "pending": false,
              "context": null,
              "code": "cy.request('https://1000and1songs.com/api/v1/news').then(response => {\n  expect(response).to.have.property('status', 200);\n  expect(response.body).to.not.be.null;\n  // Перевірка наявності обов'язкових ключів в кожному об'єкті масиву\n  response.body.items.forEach(category => {\n    expect(category).to.have.all.keys('id', 'title', 'short_description', 'preview_photo', 'created_at', 'category', 'location');\n  });\n});",
              "err": {},
              "uuid": "984a6c0d-b6d2-43de-beae-94327b41eafb",
              "parentUUID": "b414e55c-6bb0-46f7-b48b-7a933c192bc2",
              "isHook": false,
              "skipped": false
            }
          ],
          "suites": [],
          "passes": [
            "984a6c0d-b6d2-43de-beae-94327b41eafb"
          ],
          "failures": [],
          "pending": [],
          "skipped": [],
          "duration": 133,
          "root": false,
          "rootEmpty": false,
          "_timeout": 2000
        }
      ],
      "passes": [],
      "failures": [],
      "pending": [],
      "skipped": [],
      "duration": 0,
      "root": true,
      "rootEmpty": true,
      "_timeout": 2000
    }
  ],
  "meta": {
    "mocha": {
      "version": "7.0.1"
    },
    "mochawesome": {
      "options": {
        "quiet": false,
        "reportFilename": "mochawesome",
        "saveHtml": false,
        "saveJson": true,
        "consoleReporter": "spec",
        "useInlineDiffs": false,
        "code": true
      },
      "version": "7.1.3"
    },
    "marge": {
      "options": {
        "charts": true,
        "reportPageTitle": "custom-title",
        "embeddedScreenshots": true,
        "inlineAssets": true,
        "saveAllAttempts": false,
        "overwrite": false,
        "html": false,
        "json": true,
        "reportDir": "cypress/reports/html/.jsons"
      },
      "version": "6.2.0"
    }
  }
}