{
  "stats": {
    "suites": 1,
    "tests": 1,
    "passes": 1,
    "pending": 0,
    "failures": 0,
    "start": "2024-10-05T11:33:29.165Z",
    "end": "2024-10-05T11:33:32.754Z",
    "duration": 3589,
    "testsRegistered": 1,
    "passPercent": 100,
    "pendingPercent": 0,
    "other": 0,
    "hasOther": false,
    "skipped": 0,
    "hasSkipped": false
  },
  "results": [
    {
      "uuid": "82d34365-6387-4f26-88ad-27f657916128",
      "title": "",
      "fullFile": "cypress/e2e/Front/About_page.cy.js",
      "file": "cypress/e2e/Front/About_page.cy.js",
      "beforeHooks": [],
      "afterHooks": [],
      "tests": [],
      "suites": [
        {
          "uuid": "d7bcb2c6-ff2e-462f-875b-944410195da5",
          "title": "About page",
          "fullFile": "",
          "file": "",
          "beforeHooks": [],
          "afterHooks": [],
          "tests": [
            {
              "title": "About page",
              "fullTitle": "About page About page",
              "timedOut": null,
              "duration": 3434,
              "state": "passed",
              "speed": "fast",
              "pass": true,
              "fail": false,
              "pending": false,
              "context": null,
              "code": "cy.viewport(1280, 1020);\ncy.visit('/');\n// cy.injectAxe();\n// cy.checkA11y();\nconst About = new _AboutPage.default();\nAbout.validateAboutBtn();\nAbout.validateHeaderContainer();\nAbout.validateFooterContainer();\nAbout.validateAboutContainer();\nAbout.validateTeamContainer();\nAbout.validateDonateBtn();",
              "err": {},
              "uuid": "c11bd156-b6e2-46b0-9309-263098af7cd0",
              "parentUUID": "d7bcb2c6-ff2e-462f-875b-944410195da5",
              "isHook": false,
              "skipped": false
            }
          ],
          "suites": [],
          "passes": [
            "c11bd156-b6e2-46b0-9309-263098af7cd0"
          ],
          "failures": [],
          "pending": [],
          "skipped": [],
          "duration": 3434,
          "root": false,
          "rootEmpty": false,
          "_timeout": 2000
        }
      ],
      "passes": [],
      "failures": [],
      "pending": [],
      "skipped": [],
      "duration": 0,
      "root": true,
      "rootEmpty": true,
      "_timeout": 2000
    }
  ],
  "meta": {
    "mocha": {
      "version": "7.0.1"
    },
    "mochawesome": {
      "options": {
        "quiet": false,
        "reportFilename": "mochawesome",
        "saveHtml": false,
        "saveJson": true,
        "consoleReporter": "spec",
        "useInlineDiffs": false,
        "code": true
      },
      "version": "7.1.3"
    },
    "marge": {
      "options": {
        "charts": true,
        "reportPageTitle": "custom-title",
        "embeddedScreenshots": true,
        "inlineAssets": true,
        "saveAllAttempts": false,
        "overwrite": false,
        "html": false,
        "json": true,
        "reportDir": "cypress/reports/html/.jsons"
      },
      "version": "6.2.0"
    }
  }
}