{
  "stats": {
    "suites": 1,
    "tests": 2,
    "passes": 2,
    "pending": 0,
    "failures": 0,
    "start": "2024-08-20T09:44:12.079Z",
    "end": "2024-08-20T09:44:32.939Z",
    "duration": 20860,
    "testsRegistered": 2,
    "passPercent": 100,
    "pendingPercent": 0,
    "other": 0,
    "hasOther": false,
    "skipped": 0,
    "hasSkipped": false
  },
  "results": [
    {
      "uuid": "5e60b7b7-088d-4fc1-96c0-b275db03506e",
      "title": "",
      "fullFile": "cypress/e2e/Front/Search.cy.js",
      "file": "cypress/e2e/Front/Search.cy.js",
      "beforeHooks": [],
      "afterHooks": [],
      "tests": [],
      "suites": [
        {
          "uuid": "bd7f15e9-b75c-41bb-a39b-fa3811535a67",
          "title": "Search",
          "fullFile": "",
          "file": "",
          "beforeHooks": [],
          "afterHooks": [],
          "tests": [
            {
              "title": "Valid_data",
              "fullTitle": "Search Valid_data",
              "timedOut": null,
              "duration": 10805,
              "state": "passed",
              "speed": "slow",
              "pass": true,
              "fail": false,
              "pending": false,
              "context": null,
              "code": "cy.viewport(1280, 1020);\ncy.visit('/');\nconst Search = new _SearchF.default();\nSearch.validateSearchField();\nSearch.inputValidData();\nSearch.validateSearchValidData();\ncy.reload();",
              "err": {},
              "uuid": "fe342ec0-242b-4cef-9e0f-b905b1895ca7",
              "parentUUID": "bd7f15e9-b75c-41bb-a39b-fa3811535a67",
              "isHook": false,
              "skipped": false
            },
            {
              "title": "Invalid_data",
              "fullTitle": "Search Invalid_data",
              "timedOut": null,
              "duration": 7205,
              "state": "passed",
              "speed": "medium",
              "pass": true,
              "fail": false,
              "pending": false,
              "context": null,
              "code": "cy.viewport(1280, 1020);\ncy.visit('/');\nconst Search = new _SearchF.default();\nSearch.validateSearchField();\nSearch.inputInvalidData();\nSearch.validateSearchInvalidData();",
              "err": {},
              "uuid": "f0fd08cb-f96f-4d4c-bc23-db95ab9b7cb7",
              "parentUUID": "bd7f15e9-b75c-41bb-a39b-fa3811535a67",
              "isHook": false,
              "skipped": false
            }
          ],
          "suites": [],
          "passes": [
            "fe342ec0-242b-4cef-9e0f-b905b1895ca7",
            "f0fd08cb-f96f-4d4c-bc23-db95ab9b7cb7"
          ],
          "failures": [],
          "pending": [],
          "skipped": [],
          "duration": 18010,
          "root": false,
          "rootEmpty": false,
          "_timeout": 2000
        }
      ],
      "passes": [],
      "failures": [],
      "pending": [],
      "skipped": [],
      "duration": 0,
      "root": true,
      "rootEmpty": true,
      "_timeout": 2000
    }
  ],
  "meta": {
    "mocha": {
      "version": "7.0.1"
    },
    "mochawesome": {
      "options": {
        "quiet": false,
        "reportFilename": "mochawesome",
        "saveHtml": false,
        "saveJson": true,
        "consoleReporter": "spec",
        "useInlineDiffs": false,
        "code": true
      },
      "version": "7.1.3"
    },
    "marge": {
      "options": {
        "charts": true,
        "reportPageTitle": "custom-title",
        "embeddedScreenshots": true,
        "inlineAssets": true,
        "saveAllAttempts": false,
        "overwrite": false,
        "html": false,
        "json": true,
        "reportDir": "cypress/reports/html/.jsons"
      },
      "version": "6.2.0"
    }
  }
}