{
  "stats": {
    "suites": 1,
    "tests": 1,
    "passes": 1,
    "pending": 0,
    "failures": 0,
    "start": "2024-10-05T11:34:21.885Z",
    "end": "2024-10-05T11:34:30.379Z",
    "duration": 8494,
    "testsRegistered": 1,
    "passPercent": 100,
    "pendingPercent": 0,
    "other": 0,
    "hasOther": false,
    "skipped": 0,
    "hasSkipped": false
  },
  "results": [
    {
      "uuid": "e8bd1301-ab83-4e7f-b6ab-425208af8f1d",
      "title": "",
      "fullFile": "cypress/e2e/Front/Main_page.cy.js",
      "file": "cypress/e2e/Front/Main_page.cy.js",
      "beforeHooks": [],
      "afterHooks": [],
      "tests": [],
      "suites": [
        {
          "uuid": "d30d7fbc-e402-44f7-b411-652edc23a981",
          "title": "Main page_Page object",
          "fullFile": "",
          "file": "",
          "beforeHooks": [],
          "afterHooks": [],
          "tests": [
            {
              "title": "Main page validation",
              "fullTitle": "Main page_Page object Main page validation",
              "timedOut": null,
              "duration": 6405,
              "state": "passed",
              "speed": "medium",
              "pass": true,
              "fail": false,
              "pending": false,
              "context": null,
              "code": "cy.viewport(1280, 1020);\ncy.visit('/');\n// cy.injectAxe();\n// cy.checkA11y();\nconst Main = new _MainPage.default();\nMain.validateHttps();\nMain.validateHeader();\nMain.validateFooter();\nMain.validateHomeContainer();\nMain.validateRunningString();\nMain.validateExpeditionBlock();\nMain.validateNewsBlock();",
              "err": {},
              "uuid": "451e2db1-d011-4307-922d-bf79148a40b3",
              "parentUUID": "d30d7fbc-e402-44f7-b411-652edc23a981",
              "isHook": false,
              "skipped": false
            }
          ],
          "suites": [],
          "passes": [
            "451e2db1-d011-4307-922d-bf79148a40b3"
          ],
          "failures": [],
          "pending": [],
          "skipped": [],
          "duration": 6405,
          "root": false,
          "rootEmpty": false,
          "_timeout": 2000
        }
      ],
      "passes": [],
      "failures": [],
      "pending": [],
      "skipped": [],
      "duration": 0,
      "root": true,
      "rootEmpty": true,
      "_timeout": 2000
    }
  ],
  "meta": {
    "mocha": {
      "version": "7.0.1"
    },
    "mochawesome": {
      "options": {
        "quiet": false,
        "reportFilename": "mochawesome",
        "saveHtml": false,
        "saveJson": true,
        "consoleReporter": "spec",
        "useInlineDiffs": false,
        "code": true
      },
      "version": "7.1.3"
    },
    "marge": {
      "options": {
        "charts": true,
        "reportPageTitle": "custom-title",
        "embeddedScreenshots": true,
        "inlineAssets": true,
        "saveAllAttempts": false,
        "overwrite": false,
        "html": false,
        "json": true,
        "reportDir": "cypress/reports/html/.jsons"
      },
      "version": "6.2.0"
    }
  }
}