{
  "stats": {
    "suites": 1,
    "tests": 1,
    "passes": 1,
    "pending": 0,
    "failures": 0,
    "start": "2024-10-05T11:33:58.936Z",
    "end": "2024-10-05T11:34:09.407Z",
    "duration": 10471,
    "testsRegistered": 1,
    "passPercent": 100,
    "pendingPercent": 0,
    "other": 0,
    "hasOther": false,
    "skipped": 0,
    "hasSkipped": false
  },
  "results": [
    {
      "uuid": "330ec6f9-0632-4f7f-b15a-6367c1fadcb7",
      "title": "",
      "fullFile": "cypress/e2e/Front/Footer.cy.js",
      "file": "cypress/e2e/Front/Footer.cy.js",
      "beforeHooks": [],
      "afterHooks": [],
      "tests": [],
      "suites": [
        {
          "uuid": "586c9d11-8942-430a-9636-000e59da5a04",
          "title": "Footer",
          "fullFile": "",
          "file": "",
          "beforeHooks": [],
          "afterHooks": [],
          "tests": [
            {
              "title": "Footer",
              "fullTitle": "Footer Footer",
              "timedOut": null,
              "duration": 8197,
              "state": "passed",
              "speed": "medium",
              "pass": true,
              "fail": false,
              "pending": false,
              "context": null,
              "code": "cy.viewport(1280, 1020);\ncy.visit('/');\n// cy.injectAxe();\n// cy.checkA11y();\nconst Footer = new _FooterContainer.default();\nFooter.validateFooterContainer();\nFooter.validateLogo();\nFooter.validateFooterBtn();\nFooter.validateDonateBtn();\nFooter.validatePartnersSection();\nFooter.validateDocumentation();\nFooter.validateGmail();\nFooter.validateSocialSection();\nFooter.validateRulesSection();",
              "err": {},
              "uuid": "aea230da-650b-4765-8c05-58b309fd5ec2",
              "parentUUID": "586c9d11-8942-430a-9636-000e59da5a04",
              "isHook": false,
              "skipped": false
            }
          ],
          "suites": [],
          "passes": [
            "aea230da-650b-4765-8c05-58b309fd5ec2"
          ],
          "failures": [],
          "pending": [],
          "skipped": [],
          "duration": 8197,
          "root": false,
          "rootEmpty": false,
          "_timeout": 2000
        }
      ],
      "passes": [],
      "failures": [],
      "pending": [],
      "skipped": [],
      "duration": 0,
      "root": true,
      "rootEmpty": true,
      "_timeout": 2000
    }
  ],
  "meta": {
    "mocha": {
      "version": "7.0.1"
    },
    "mochawesome": {
      "options": {
        "quiet": false,
        "reportFilename": "mochawesome",
        "saveHtml": false,
        "saveJson": true,
        "consoleReporter": "spec",
        "useInlineDiffs": false,
        "code": true
      },
      "version": "7.1.3"
    },
    "marge": {
      "options": {
        "charts": true,
        "reportPageTitle": "custom-title",
        "embeddedScreenshots": true,
        "inlineAssets": true,
        "saveAllAttempts": false,
        "overwrite": false,
        "html": false,
        "json": true,
        "reportDir": "cypress/reports/html/.jsons"
      },
      "version": "6.2.0"
    }
  }
}