{
  "stats": {
    "suites": 1,
    "tests": 1,
    "passes": 1,
    "pending": 0,
    "failures": 0,
    "start": "2024-10-05T11:35:33.937Z",
    "end": "2024-10-05T11:35:34.180Z",
    "duration": 243,
    "testsRegistered": 1,
    "passPercent": 100,
    "pendingPercent": 0,
    "other": 0,
    "hasOther": false,
    "skipped": 0,
    "hasSkipped": false
  },
  "results": [
    {
      "uuid": "86cd21e4-552d-4942-95c7-b43c21679236",
      "title": "",
      "fullFile": "cypress/e2e/API/Education/Get Song By Id.cy.js",
      "file": "cypress/e2e/API/Education/Get Song By Id.cy.js",
      "beforeHooks": [],
      "afterHooks": [],
      "tests": [],
      "suites": [
        {
          "uuid": "900adf13-a4e0-45ce-91a4-8280564d94c1",
          "title": "Get Song By Id",
          "fullFile": "",
          "file": "",
          "beforeHooks": [],
          "afterHooks": [],
          "tests": [
            {
              "title": "Метод GET повинен повертати відповідь з обов'язковими полями",
              "fullTitle": "Get Song By Id Метод GET повинен повертати відповідь з обов'язковими полями",
              "timedOut": null,
              "duration": 208,
              "state": "passed",
              "speed": "fast",
              "pass": true,
              "fail": false,
              "pending": false,
              "context": null,
              "code": "const songId = 1; // Ваш ID для пошуку\ncy.request({\n  method: 'GET',\n  url: `https://1000and1songs.com/api/v1/education/genre/song/${songId}`\n}).then(response => {\n  expect(response).to.have.property('status', 200);\n  expect(response.body).to.not.be.null;\n  const expectedKeys = [\"id\", \"genres\", \"title\", \"stereo_audio\", \"song_text\", \"song_description\", \"location\", \"ethnographic_district\", \"collectors\", \"performers\", \"video_url\", \"comment_map\", \"map_photo\", \"photos\"];\n  // Перевірка наявності кожного ключа\n  expectedKeys.forEach(key => {\n    expect(response.body).to.have.property(key);\n  });\n});",
              "err": {},
              "uuid": "99c6a6aa-91a8-4ffc-8266-5c55c7eec98e",
              "parentUUID": "900adf13-a4e0-45ce-91a4-8280564d94c1",
              "isHook": false,
              "skipped": false
            }
          ],
          "suites": [],
          "passes": [
            "99c6a6aa-91a8-4ffc-8266-5c55c7eec98e"
          ],
          "failures": [],
          "pending": [],
          "skipped": [],
          "duration": 208,
          "root": false,
          "rootEmpty": false,
          "_timeout": 2000
        }
      ],
      "passes": [],
      "failures": [],
      "pending": [],
      "skipped": [],
      "duration": 0,
      "root": true,
      "rootEmpty": true,
      "_timeout": 2000
    }
  ],
  "meta": {
    "mocha": {
      "version": "7.0.1"
    },
    "mochawesome": {
      "options": {
        "quiet": false,
        "reportFilename": "mochawesome",
        "saveHtml": false,
        "saveJson": true,
        "consoleReporter": "spec",
        "useInlineDiffs": false,
        "code": true
      },
      "version": "7.1.3"
    },
    "marge": {
      "options": {
        "charts": true,
        "reportPageTitle": "custom-title",
        "embeddedScreenshots": true,
        "inlineAssets": true,
        "saveAllAttempts": false,
        "overwrite": false,
        "html": false,
        "json": true,
        "reportDir": "cypress/reports/html/.jsons"
      },
      "version": "6.2.0"
    }
  }
}