{
  "stats": {
    "suites": 1,
    "tests": 1,
    "passes": 0,
    "pending": 0,
    "failures": 1,
    "start": "2024-08-20T09:45:18.561Z",
    "end": "2024-08-20T09:45:18.861Z",
    "duration": 300,
    "testsRegistered": 1,
    "passPercent": 0,
    "pendingPercent": 0,
    "other": 0,
    "hasOther": false,
    "skipped": 0,
    "hasSkipped": false
  },
  "results": [
    {
      "uuid": "49dba51d-a690-4682-b6f0-44c0d589d81d",
      "title": "",
      "fullFile": "cypress/e2e/API/Map/Get_Song_By_Id.cy.js",
      "file": "cypress/e2e/API/Map/Get_Song_By_Id.cy.js",
      "beforeHooks": [],
      "afterHooks": [],
      "tests": [],
      "suites": [
        {
          "uuid": "bd09728b-8cdf-491e-a846-120b683eacdb",
          "title": "Get Song By Id",
          "fullFile": "",
          "file": "",
          "beforeHooks": [],
          "afterHooks": [],
          "tests": [
            {
              "title": "Метод GET повинен повертати відповідь з обов'язковими полями",
              "fullTitle": "Get Song By Id Метод GET повинен повертати відповідь з обов'язковими полями",
              "timedOut": null,
              "duration": 236,
              "state": "failed",
              "speed": null,
              "pass": false,
              "fail": true,
              "pending": false,
              "context": null,
              "code": "const songId = 3;\ncy.request({\n  method: 'GET',\n  url: `https://1000and1songs.com/api/v1/map/filter/songs/${songId}`\n}).then(response => {\n  expect(response).to.have.property('status', 200);\n  expect(response.body).to.not.be.null;\n  const expectedKeys = [\"id\", \"title\", \"song_text\", \"genres\", \"video_url\", \"location\", \"ethnographic_district\", \"collectors\", \"performers\", \"recording_date\", \"photos\", \"stereo_audio\", \"multichannels\", \"fund\"];\n  // Перевірка наявності кожного ключа\n  expectedKeys.forEach(key => {\n    expect(response.body).to.have.property(key);\n    // e.all.keys(\"id\", \"title\", \"song_text\", \"genres\", \"video_url\", \"location\", \"recording_date\", \"stereo_audio\", \"video_url\", \"ethnographic_district\", \"collectors\", \"performers\", \"recording_date\", \"photos\", \"stereo_audio\", \"multichannels\");\n  });\n});",
              "err": {
                "message": "CypressError: `cy.request()` failed on:\n\nhttps://1000and1songs.com/api/v1/map/filter/songs/3\n\nThe response we received from your web server was:\n\n  > 500: Internal Server Error\n\nThis was considered a failure because the status code was not `2xx` or `3xx`.\n\nIf you do not want status codes to cause failures pass the option: `failOnStatusCode: false`\n\n-----------------------------------------------------------\n\nThe request we sent was:\n\nMethod: GET\nURL: https://1000and1songs.com/api/v1/map/filter/songs/3\nHeaders: {\n  \"Connection\": \"keep-alive\",\n  \"user-agent\": \"Mozilla/5.0 (X11; Linux x86_64) AppleWebKit/537.36 (KHTML, like Gecko) Cypress/13.6.6 Chrome/118.0.5993.159 Electron/27.1.3 Safari/537.36\",\n  \"accept\": \"*/*\",\n  \"accept-encoding\": \"gzip, deflate\"\n}\n\n-----------------------------------------------------------\n\nThe response we got was:\n\nStatus: 500 - Internal Server Error\nHeaders: {\n  \"server\": \"nginx/1.18.0 (Ubuntu)\",\n  \"date\": \"Tue, 20 Aug 2024 09:45:18 GMT\",\n  \"content-type\": \"application/json\",\n  \"content-length\": \"59\",\n  \"connection\": \"keep-alive\",\n  \"x-process-time\": \"2 ms\"\n}\nBody: {\n  \"detail\": \"'NoneType' object has no attribute 'is_active'\"\n}\n\n\nhttps://on.cypress.io/request",
                "estack": "CypressError: `cy.request()` failed on:\n\nhttps://1000and1songs.com/api/v1/map/filter/songs/3\n\nThe response we received from your web server was:\n\n  > 500: Internal Server Error\n\nThis was considered a failure because the status code was not `2xx` or `3xx`.\n\nIf you do not want status codes to cause failures pass the option: `failOnStatusCode: false`\n\n-----------------------------------------------------------\n\nThe request we sent was:\n\nMethod: GET\nURL: https://1000and1songs.com/api/v1/map/filter/songs/3\nHeaders: {\n  \"Connection\": \"keep-alive\",\n  \"user-agent\": \"Mozilla/5.0 (X11; Linux x86_64) AppleWebKit/537.36 (KHTML, like Gecko) Cypress/13.6.6 Chrome/118.0.5993.159 Electron/27.1.3 Safari/537.36\",\n  \"accept\": \"*/*\",\n  \"accept-encoding\": \"gzip, deflate\"\n}\n\n-----------------------------------------------------------\n\nThe response we got was:\n\nStatus: 500 - Internal Server Error\nHeaders: {\n  \"server\": \"nginx/1.18.0 (Ubuntu)\",\n  \"date\": \"Tue, 20 Aug 2024 09:45:18 GMT\",\n  \"content-type\": \"application/json\",\n  \"content-length\": \"59\",\n  \"connection\": \"keep-alive\",\n  \"x-process-time\": \"2 ms\"\n}\nBody: {\n  \"detail\": \"'NoneType' object has no attribute 'is_active'\"\n}\n\n\nhttps://on.cypress.io/request\n    at <unknown> (https://1000and1songs.com/__cypress/runner/cypress_runner.js:133028:72)\n    at tryCatcher (https://1000and1songs.com/__cypress/runner/cypress_runner.js:1807:23)\n    at Promise._settlePromiseFromHandler (https://1000and1songs.com/__cypress/runner/cypress_runner.js:1519:31)\n    at Promise._settlePromise (https://1000and1songs.com/__cypress/runner/cypress_runner.js:1576:18)\n    at Promise._settlePromise0 (https://1000and1songs.com/__cypress/runner/cypress_runner.js:1621:10)\n    at Promise._settlePromises (https://1000and1songs.com/__cypress/runner/cypress_runner.js:1701:18)\n    at _drainQueueStep (https://1000and1songs.com/__cypress/runner/cypress_runner.js:2407:12)\n    at _drainQueue (https://1000and1songs.com/__cypress/runner/cypress_runner.js:2400:9)\n    at Async._drainQueues (https://1000and1songs.com/__cypress/runner/cypress_runner.js:2416:5)\n    at Async.drainQueues (https://1000and1songs.com/__cypress/runner/cypress_runner.js:2286:14)\nFrom Your Spec Code:\n    at Context.eval (webpack://1001_songs_cypress/./cypress/e2e/API/Map/Get_Song_By_Id.cy.js:6:7)",
                "diff": null
              },
              "uuid": "91112530-c490-40d0-b5e0-b055eb3d3d2b",
              "parentUUID": "bd09728b-8cdf-491e-a846-120b683eacdb",
              "isHook": false,
              "skipped": false
            }
          ],
          "suites": [],
          "passes": [],
          "failures": [
            "91112530-c490-40d0-b5e0-b055eb3d3d2b"
          ],
          "pending": [],
          "skipped": [],
          "duration": 236,
          "root": false,
          "rootEmpty": false,
          "_timeout": 2000
        }
      ],
      "passes": [],
      "failures": [],
      "pending": [],
      "skipped": [],
      "duration": 0,
      "root": true,
      "rootEmpty": true,
      "_timeout": 2000
    }
  ],
  "meta": {
    "mocha": {
      "version": "7.0.1"
    },
    "mochawesome": {
      "options": {
        "quiet": false,
        "reportFilename": "mochawesome",
        "saveHtml": false,
        "saveJson": true,
        "consoleReporter": "spec",
        "useInlineDiffs": false,
        "code": true
      },
      "version": "7.1.3"
    },
    "marge": {
      "options": {
        "charts": true,
        "reportPageTitle": "custom-title",
        "embeddedScreenshots": true,
        "inlineAssets": true,
        "saveAllAttempts": false,
        "overwrite": false,
        "html": false,
        "json": true,
        "reportDir": "cypress/reports/html/.jsons"
      },
      "version": "6.2.0"
    }
  }
}