{
  "stats": {
    "suites": 1,
    "tests": 1,
    "passes": 1,
    "pending": 0,
    "failures": 0,
    "start": "2024-10-31T19:01:41.050Z",
    "end": "2024-10-31T19:01:41.322Z",
    "duration": 272,
    "testsRegistered": 1,
    "passPercent": 100,
    "pendingPercent": 0,
    "other": 0,
    "hasOther": false,
    "skipped": 0,
    "hasSkipped": false
  },
  "results": [
    {
      "uuid": "e47114ef-1829-45b3-b99c-2f26307873cd",
      "title": "",
      "fullFile": "cypress/e2e/API/Dropdowns/Get_Funds.cy.js",
      "file": "cypress/e2e/API/Dropdowns/Get_Funds.cy.js",
      "beforeHooks": [],
      "afterHooks": [],
      "tests": [],
      "suites": [
        {
          "uuid": "04ff51ac-865e-427f-86fe-dc2306c23f6e",
          "title": "Get Funds",
          "fullFile": "",
          "file": "",
          "beforeHooks": [],
          "afterHooks": [],
          "tests": [
            {
              "title": "method get response code should be  200",
              "fullTitle": "Get Funds method get response code should be  200",
              "timedOut": null,
              "duration": 216,
              "state": "passed",
              "speed": "fast",
              "pass": true,
              "fail": false,
              "pending": false,
              "context": null,
              "code": "cy.request('https://1000and1songs.com/api/v1/filter/song/funds').then(response => {\n  expect(response).to.have.property('status', 200);\n  expect(response.body).to.not.be.null;\n  response.body.forEach(funds => {\n    expect(funds).to.have.all.keys('id', \"name\", \"song_count\");\n  });\n});",
              "err": {},
              "uuid": "3d6482bb-1626-477a-9b4d-71e4d0cdb42b",
              "parentUUID": "04ff51ac-865e-427f-86fe-dc2306c23f6e",
              "isHook": false,
              "skipped": false
            }
          ],
          "suites": [],
          "passes": [
            "3d6482bb-1626-477a-9b4d-71e4d0cdb42b"
          ],
          "failures": [],
          "pending": [],
          "skipped": [],
          "duration": 216,
          "root": false,
          "rootEmpty": false,
          "_timeout": 2000
        }
      ],
      "passes": [],
      "failures": [],
      "pending": [],
      "skipped": [],
      "duration": 0,
      "root": true,
      "rootEmpty": true,
      "_timeout": 2000
    }
  ],
  "meta": {
    "mocha": {
      "version": "7.0.1"
    },
    "mochawesome": {
      "options": {
        "quiet": false,
        "reportFilename": "mochawesome",
        "saveHtml": false,
        "saveJson": true,
        "consoleReporter": "spec",
        "useInlineDiffs": false,
        "code": true
      },
      "version": "7.1.3"
    },
    "marge": {
      "options": {
        "charts": true,
        "reportPageTitle": "custom-title",
        "embeddedScreenshots": true,
        "inlineAssets": true,
        "saveAllAttempts": false,
        "overwrite": false,
        "html": false,
        "json": true,
        "reportDir": "cypress/reports/html/.jsons"
      },
      "version": "6.2.0"
    }
  }
}