{
  "stats": {
    "suites": 1,
    "tests": 1,
    "passes": 1,
    "pending": 0,
    "failures": 0,
    "start": "2024-08-20T09:45:32.351Z",
    "end": "2024-08-20T09:45:32.521Z",
    "duration": 170,
    "testsRegistered": 1,
    "passPercent": 100,
    "pendingPercent": 0,
    "other": 0,
    "hasOther": false,
    "skipped": 0,
    "hasSkipped": false
  },
  "results": [
    {
      "uuid": "faa164e6-9d08-480b-b53d-3b522e0cfa5e",
      "title": "",
      "fullFile": "cypress/e2e/API/Projects/Get Project.cy.js",
      "file": "cypress/e2e/API/Projects/Get Project.cy.js",
      "beforeHooks": [],
      "afterHooks": [],
      "tests": [],
      "suites": [
        {
          "uuid": "bc49bb19-6100-4635-9761-e3220dc24138",
          "title": "Get Project",
          "fullFile": "",
          "file": "",
          "beforeHooks": [],
          "afterHooks": [],
          "tests": [
            {
              "title": "Метод GET повинен повертати відповідь з обов'язковими полями",
              "fullTitle": "Get Project Метод GET повинен повертати відповідь з обов'язковими полями",
              "timedOut": null,
              "duration": 136,
              "state": "passed",
              "speed": "fast",
              "pass": true,
              "fail": false,
              "pending": false,
              "context": null,
              "code": "const projectId = 1;\ncy.request({\n  method: 'GET',\n  url: `https://1000and1songs.com/api/v1/projects/${projectId}`\n}).then(response => {\n  expect(response).to.have.property('status', 200);\n  expect(response.body).to.not.be.null;\n  expect(response.status).to.eq(200);\n  const expectedKeys = [\"id\", \"title\", \"location\", \"project_date\", \"content\", \"authors\", \"editors\", \"photographers\"];\n  // Перевірка наявності кожного ключа\n  expectedKeys.forEach(key => {\n    expect(response.body).to.have.property(key);\n  });\n});",
              "err": {},
              "uuid": "869136ed-2ec2-4ae8-b2f4-ddb3b298f173",
              "parentUUID": "bc49bb19-6100-4635-9761-e3220dc24138",
              "isHook": false,
              "skipped": false
            }
          ],
          "suites": [],
          "passes": [
            "869136ed-2ec2-4ae8-b2f4-ddb3b298f173"
          ],
          "failures": [],
          "pending": [],
          "skipped": [],
          "duration": 136,
          "root": false,
          "rootEmpty": false,
          "_timeout": 2000
        }
      ],
      "passes": [],
      "failures": [],
      "pending": [],
      "skipped": [],
      "duration": 0,
      "root": true,
      "rootEmpty": true,
      "_timeout": 2000
    }
  ],
  "meta": {
    "mocha": {
      "version": "7.0.1"
    },
    "mochawesome": {
      "options": {
        "quiet": false,
        "reportFilename": "mochawesome",
        "saveHtml": false,
        "saveJson": true,
        "consoleReporter": "spec",
        "useInlineDiffs": false,
        "code": true
      },
      "version": "7.1.3"
    },
    "marge": {
      "options": {
        "charts": true,
        "reportPageTitle": "custom-title",
        "embeddedScreenshots": true,
        "inlineAssets": true,
        "saveAllAttempts": false,
        "overwrite": false,
        "html": false,
        "json": true,
        "reportDir": "cypress/reports/html/.jsons"
      },
      "version": "6.2.0"
    }
  }
}