{
  "stats": {
    "suites": 1,
    "tests": 1,
    "passes": 0,
    "pending": 0,
    "failures": 1,
    "start": "2024-10-31T19:08:45.965Z",
    "end": "2024-10-31T19:08:49.339Z",
    "duration": 3374,
    "testsRegistered": 1,
    "passPercent": 0,
    "pendingPercent": 0,
    "other": 0,
    "hasOther": false,
    "skipped": 0,
    "hasSkipped": false
  },
  "results": [
    {
      "uuid": "59d75184-e6c8-4dd0-9530-553e7730722f",
      "title": "",
      "fullFile": "cypress/e2e/RegressionVisual/Features/TeamFoto.cy.js",
      "file": "cypress/e2e/RegressionVisual/Features/TeamFoto.cy.js",
      "beforeHooks": [],
      "afterHooks": [],
      "tests": [],
      "suites": [
        {
          "uuid": "4addc1c6-2b6b-4f01-87c5-eb345b4abfb9",
          "title": "MainVisual",
          "fullFile": "",
          "file": "",
          "beforeHooks": [],
          "afterHooks": [],
          "tests": [
            {
              "title": "should be publicly accessible",
              "fullTitle": "MainVisual should be publicly accessible",
              "timedOut": null,
              "duration": 3234,
              "state": "failed",
              "speed": null,
              "pass": false,
              "fail": true,
              "pending": false,
              "context": null,
              "code": "cy.visit('/about');\ncy.get('.team__container').scrollIntoView().should('be.visible').then(() => {\n  cy.get('.team__container').matchImageSnapshot();\n});",
              "err": {
                "message": "TypeError: Converting circular structure to JSON\n    --> starting at object with constructor 'HTMLDocument'\n    |     property '__e3_' -> object with constructor 'Object'\n    |     property 'keydown' -> object with constructor 'Object'\n    |     property '1' -> object with constructor '_.sk'\n    --- property 'instance' closes the circle",
                "estack": "TypeError: Converting circular structure to JSON\n    --> starting at object with constructor 'HTMLDocument'\n    |     property '__e3_' -> object with constructor 'Object'\n    |     property 'keydown' -> object with constructor 'Object'\n    |     property '1' -> object with constructor '_.sk'\n    --- property 'instance' closes the circle\n    at JSON.stringify (<anonymous>)\n    at eval (webpack://1001_songs_cypress/./node_modules/allure-cypress/dist/cjs/index.js:1:15033)\n    at $Cypress.eval (webpack://1001_songs_cypress/./node_modules/allure-cypress/dist/cjs/index.js:1:15033)",
                "diff": null
              },
              "uuid": "5aafad19-eae0-40d3-ba69-16ff4a2490ed",
              "parentUUID": "4addc1c6-2b6b-4f01-87c5-eb345b4abfb9",
              "isHook": false,
              "skipped": false
            }
          ],
          "suites": [],
          "passes": [],
          "failures": [
            "5aafad19-eae0-40d3-ba69-16ff4a2490ed"
          ],
          "pending": [],
          "skipped": [],
          "duration": 3234,
          "root": false,
          "rootEmpty": false,
          "_timeout": 2000
        }
      ],
      "passes": [],
      "failures": [],
      "pending": [],
      "skipped": [],
      "duration": 0,
      "root": true,
      "rootEmpty": true,
      "_timeout": 2000
    }
  ],
  "meta": {
    "mocha": {
      "version": "7.0.1"
    },
    "mochawesome": {
      "options": {
        "quiet": false,
        "reportFilename": "mochawesome",
        "saveHtml": false,
        "saveJson": true,
        "consoleReporter": "spec",
        "useInlineDiffs": false,
        "code": true
      },
      "version": "7.1.3"
    },
    "marge": {
      "options": {
        "charts": true,
        "reportPageTitle": "custom-title",
        "embeddedScreenshots": true,
        "inlineAssets": true,
        "saveAllAttempts": false,
        "overwrite": false,
        "html": false,
        "json": true,
        "reportDir": "cypress/reports/html/.jsons"
      },
      "version": "6.2.0"
    }
  }
}