{
  "stats": {
    "suites": 1,
    "tests": 1,
    "passes": 1,
    "pending": 0,
    "failures": 0,
    "start": "2024-10-05T11:34:11.639Z",
    "end": "2024-10-05T11:34:19.630Z",
    "duration": 7991,
    "testsRegistered": 1,
    "passPercent": 100,
    "pendingPercent": 0,
    "other": 0,
    "hasOther": false,
    "skipped": 0,
    "hasSkipped": false
  },
  "results": [
    {
      "uuid": "23faf079-dc65-42cf-8407-fe2ad496e9b3",
      "title": "",
      "fullFile": "cypress/e2e/Front/Header.cy.js",
      "file": "cypress/e2e/Front/Header.cy.js",
      "beforeHooks": [],
      "afterHooks": [],
      "tests": [],
      "suites": [
        {
          "uuid": "07accbef-1b55-4ce5-abeb-e60b60cccef1",
          "title": "Header",
          "fullFile": "",
          "file": "",
          "beforeHooks": [],
          "afterHooks": [],
          "tests": [
            {
              "title": "Header",
              "fullTitle": "Header Header",
              "timedOut": null,
              "duration": 5834,
              "state": "passed",
              "speed": "medium",
              "pass": true,
              "fail": false,
              "pending": false,
              "context": null,
              "code": "cy.pixeleyeSnapshot({\n  name: \"landing-header\"\n});\ncy.viewport(1280, 1020);\ncy.visit('/');\n// cy.injectAxe();\n// cy.checkA11y();\nconst Header = new _HeaderContainer.default();\nHeader.validateHeaderContainer();\nHeader.validateLogo();\nHeader.validateHeaderBtn();\nHeader.validateSearchField();\nHeader.validateDonateBtn();",
              "err": {},
              "uuid": "9f1b187e-441a-4ee1-a0b3-cfd3f7146006",
              "parentUUID": "07accbef-1b55-4ce5-abeb-e60b60cccef1",
              "isHook": false,
              "skipped": false
            }
          ],
          "suites": [],
          "passes": [
            "9f1b187e-441a-4ee1-a0b3-cfd3f7146006"
          ],
          "failures": [],
          "pending": [],
          "skipped": [],
          "duration": 5834,
          "root": false,
          "rootEmpty": false,
          "_timeout": 2000
        }
      ],
      "passes": [],
      "failures": [],
      "pending": [],
      "skipped": [],
      "duration": 0,
      "root": true,
      "rootEmpty": true,
      "_timeout": 2000
    }
  ],
  "meta": {
    "mocha": {
      "version": "7.0.1"
    },
    "mochawesome": {
      "options": {
        "quiet": false,
        "reportFilename": "mochawesome",
        "saveHtml": false,
        "saveJson": true,
        "consoleReporter": "spec",
        "useInlineDiffs": false,
        "code": true
      },
      "version": "7.1.3"
    },
    "marge": {
      "options": {
        "charts": true,
        "reportPageTitle": "custom-title",
        "embeddedScreenshots": true,
        "inlineAssets": true,
        "saveAllAttempts": false,
        "overwrite": false,
        "html": false,
        "json": true,
        "reportDir": "cypress/reports/html/.jsons"
      },
      "version": "6.2.0"
    }
  }
}