{
  "stats": {
    "suites": 1,
    "tests": 1,
    "passes": 1,
    "pending": 0,
    "failures": 0,
    "start": "2024-10-05T11:35:44.691Z",
    "end": "2024-10-05T11:35:44.911Z",
    "duration": 220,
    "testsRegistered": 1,
    "passPercent": 100,
    "pendingPercent": 0,
    "other": 0,
    "hasOther": false,
    "skipped": 0,
    "hasSkipped": false
  },
  "results": [
    {
      "uuid": "91d77f59-498a-4f7c-8e65-6b35846d8f4c",
      "title": "",
      "fullFile": "cypress/e2e/API/Expedition/Get Expeditions List By Category.cy.js",
      "file": "cypress/e2e/API/Expedition/Get Expeditions List By Category.cy.js",
      "beforeHooks": [],
      "afterHooks": [],
      "tests": [],
      "suites": [
        {
          "uuid": "8061b51e-0c2a-4798-abf5-27e0730fb11e",
          "title": "API Tests",
          "fullFile": "",
          "file": "",
          "beforeHooks": [],
          "afterHooks": [],
          "tests": [
            {
              "title": "should return valid response from the API",
              "fullTitle": "API Tests should return valid response from the API",
              "timedOut": null,
              "duration": 182,
              "state": "passed",
              "speed": "fast",
              "pass": true,
              "fail": false,
              "pending": false,
              "context": null,
              "code": "cy.request('GET', 'https://1000and1songs.com/api/v1/expedition/filter') // Replace with your actual API endpoint\n.then(response => {\n  expect(response.status).to.eq(200);\n  expect(response.body).to.not.be.null;\n  expect(response.body).to.have.property('items').that.is.an('array');\n  expect(response.body.items[0]).to.have.property('id').that.is.a('number');\n  expect(response.body.items[0]).to.have.property('title').that.is.a('string');\n  expect(response.body.items[0]).to.have.property('location').that.is.a('string');\n  expect(response.body.items[0]).to.have.property('short_description').that.is.a('string');\n  expect(response.body.items[0]).to.have.property('expedition_date').that.matches(/\\d{4}-\\d{2}-\\d{2}/);\n  expect(response.body.items[0]).to.have.property('preview_photo').that.is.a('string');\n  expect(response.body).to.have.property('total').that.is.a('number');\n  expect(response.body).to.have.property('page').that.is.a('number');\n  expect(response.body).to.have.property('size').that.is.a('number');\n  expect(response.body).to.have.property('pages').that.is.a('number');\n});",
              "err": {},
              "uuid": "08dbf1d7-8583-42ed-90db-a76c5b49252e",
              "parentUUID": "8061b51e-0c2a-4798-abf5-27e0730fb11e",
              "isHook": false,
              "skipped": false
            }
          ],
          "suites": [],
          "passes": [
            "08dbf1d7-8583-42ed-90db-a76c5b49252e"
          ],
          "failures": [],
          "pending": [],
          "skipped": [],
          "duration": 182,
          "root": false,
          "rootEmpty": false,
          "_timeout": 2000
        }
      ],
      "passes": [],
      "failures": [],
      "pending": [],
      "skipped": [],
      "duration": 0,
      "root": true,
      "rootEmpty": true,
      "_timeout": 2000
    }
  ],
  "meta": {
    "mocha": {
      "version": "7.0.1"
    },
    "mochawesome": {
      "options": {
        "quiet": false,
        "reportFilename": "mochawesome",
        "saveHtml": false,
        "saveJson": true,
        "consoleReporter": "spec",
        "useInlineDiffs": false,
        "code": true
      },
      "version": "7.1.3"
    },
    "marge": {
      "options": {
        "charts": true,
        "reportPageTitle": "custom-title",
        "embeddedScreenshots": true,
        "inlineAssets": true,
        "saveAllAttempts": false,
        "overwrite": false,
        "html": false,
        "json": true,
        "reportDir": "cypress/reports/html/.jsons"
      },
      "version": "6.2.0"
    }
  }
}